C000  4C F5 C5  JMP $C5F5                       A:00 X:00 Y:00 P:24 SP:FD PPU:  0, 21 CYC:7
C5F5  A2 00     LDX #$00                        A:00 X:00 Y:00 P:24 SP:FD PPU:  0, 30 CYC:10
C5F7  86 00     STX $00 = 00                    A:00 X:00 Y:00 P:26 SP:FD PPU:  0, 36 CYC:12
C5F9  86 10     STX $10 = 00                    A:00 X:00 Y:00 P:26 SP:FD PPU:  0, 45 CYC:15
C5FB  86 11     STX $11 = 00                    A:00 X:00 Y:00 P:26 SP:FD PPU:  0, 54 CYC:18
C5FD  20 2D C7  JSR $C72D                       A:00 X:00 Y:00 P:26 SP:FD PPU:  0, 63 CYC:21
C72D  EA        NOP                             A:00 X:00 Y:00 P:26 SP:FB PPU:  0, 81 CYC:27
C72E  38        SEC                             A:00 X:00 Y:00 P:26 SP:FB PPU:  0, 87 CYC:29
C72F  B0 04     BCS $C735                       A:00 X:00 Y:00 P:27 SP:FB PPU:  0, 93 CYC:31
C735  EA        NOP                             A:00 X:00 Y:00 P:27 SP:FB PPU:  0,102 CYC:34
C736  18        CLC                             A:00 X:00 Y:00 P:27 SP:FB PPU:  0,108 CYC:36
C737  B0 03     BCS $C73C                       A:00 X:00 Y:00 P:26 SP:FB PPU:  0,114 CYC:38
C739  4C 40 C7  JMP $C740                       A:00 X:00 Y:00 P:26 SP:FB PPU:  0,120 CYC:40
C740  EA        NOP                             A:00 X:00 Y:00 P:26 SP:FB PPU:  0,129 CYC:43
C741  38        SEC                             A:00 X:00 Y:00 P:26 SP:FB PPU:  0,135 CYC:45
C742  90 03     BCC $C747                       A:00 X:00 Y:00 P:27 SP:FB PPU:  0,141 CYC:47
C744  4C 4B C7  JMP $C74B                       A:00 X:00 Y:00 P:27 SP:FB PPU:  0,147 CYC:49
C74B  EA        NOP                             A:00 X:00 Y:00 P:27 SP:FB PPU:  0,156 CYC:52
C74C  18        CLC                             A:00 X:00 Y:00 P:27 SP:FB PPU:  0,162 CYC:54
C74D  90 04     BCC $C753                       A:00 X:00 Y:00 P:26 SP:FB PPU:  0,168 CYC:56
C753  EA        NOP                             A:00 X:00 Y:00 P:26 SP:FB PPU:  0,177 CYC:59
C754  A9 00     LDA #$00                        A:00 X:00 Y:00 P:26 SP:FB PPU:  0,183 CYC:61
C756  F0 04     BEQ $C75C                       A:00 X:00 Y:00 P:26 SP:FB PPU:  0,189 CYC:63
C75C  EA        NOP                             A:00 X:00 Y:00 P:26 SP:FB PPU:  0,198 CYC:66
C75D  A9 40     LDA #$40                        A:00 X:00 Y:00 P:26 SP:FB PPU:  0,204 CYC:68
C75F  F0 03     BEQ $C764                       A:40 X:00 Y:00 P:24 SP:FB PPU:  0,210 CYC:70
C761  4C 68 C7  JMP $C768                       A:40 X:00 Y:00 P:24 SP:FB PPU:  0,216 CYC:72
C768  EA        NOP                             A:40 X:00 Y:00 P:24 SP:FB PPU:  0,225 CYC:75
C769  A9 40     LDA #$40                        A:40 X:00 Y:00 P:24 SP:FB PPU:  0,231 CYC:77
C76B  D0 04     BNE $C771                       A:40 X:00 Y:00 P:24 SP:FB PPU:  0,237 CYC:79
C771  EA        NOP                             A:40 X:00 Y:00 P:24 SP:FB PPU:  0,246 CYC:82
C772  A9 00     LDA #$00                        A:40 X:00 Y:00 P:24 SP:FB PPU:  0,252 CYC:84
C774  D0 03     BNE $C779                       A:00 X:00 Y:00 P:26 SP:FB PPU:  0,258 CYC:86
C776  4C 7D C7  JMP $C77D                       A:00 X:00 Y:00 P:26 SP:FB PPU:  0,264 CYC:88
C77D  EA        NOP                             A:00 X:00 Y:00 P:26 SP:FB PPU:  0,273 CYC:91
C77E  A9 FF     LDA #$FF                        A:00 X:00 Y:00 P:26 SP:FB PPU:  0,279 CYC:93
C780  85 01     STA $01 = 00                    A:FF X:00 Y:00 P:A4 SP:FB PPU:  0,285 CYC:95
C782  24 01     BIT $01 = FF                    A:FF X:00 Y:00 P:A4 SP:FB PPU:  0,294 CYC:98
C784  70 04     BVS $C78A                       A:FF X:00 Y:00 P:E4 SP:FB PPU:  0,303 CYC:101
C78A  EA        NOP                             A:FF X:00 Y:00 P:E4 SP:FB PPU:  0,312 CYC:104
C78B  24 01     BIT $01 = FF                    A:FF X:00 Y:00 P:E4 SP:FB PPU:  0,318 CYC:106
C78D  50 03     BVC $C792                       A:FF X:00 Y:00 P:E4 SP:FB PPU:  0,327 CYC:109
C78F  4C 96 C7  JMP $C796                       A:FF X:00 Y:00 P:E4 SP:FB PPU:  0,333 CYC:111
C796  EA        NOP                             A:FF X:00 Y:00 P:E4 SP:FB PPU:  1,  1 CYC:114
C797  A9 00     LDA #$00                        A:FF X:00 Y:00 P:E4 SP:FB PPU:  1,  7 CYC:116
C799  85 01     STA $01 = FF                    A:00 X:00 Y:00 P:66 SP:FB PPU:  1, 13 CYC:118
C79B  24 01     BIT $01 = 00                    A:00 X:00 Y:00 P:66 SP:FB PPU:  1, 22 CYC:121
C79D  50 04     BVC $C7A3                       A:00 X:00 Y:00 P:26 SP:FB PPU:  1, 31 CYC:124
C7A3  EA        NOP                             A:00 X:00 Y:00 P:26 SP:FB PPU:  1, 40 CYC:127
C7A4  24 01     BIT $01 = 00                    A:00 X:00 Y:00 P:26 SP:FB PPU:  1, 46 CYC:129
C7A6  70 03     BVS $C7AB                       A:00 X:00 Y:00 P:26 SP:FB PPU:  1, 55 CYC:132
C7A8  4C AF C7  JMP $C7AF                       A:00 X:00 Y:00 P:26 SP:FB PPU:  1, 61 CYC:134
C7AF  EA        NOP                             A:00 X:00 Y:00 P:26 SP:FB PPU:  1, 70 CYC:137
C7B0  A9 00     LDA #$00                        A:00 X:00 Y:00 P:26 SP:FB PPU:  1, 76 CYC:139
C7B2  10 04     BPL $C7B8                       A:00 X:00 Y:00 P:26 SP:FB PPU:  1, 82 CYC:141
C7B8  EA        NOP                             A:00 X:00 Y:00 P:26 SP:FB PPU:  1, 91 CYC:144
C7B9  A9 80     LDA #$80                        A:00 X:00 Y:00 P:26 SP:FB PPU:  1, 97 CYC:146
C7BB  10 03     BPL $C7C0                       A:80 X:00 Y:00 P:A4 SP:FB PPU:  1,103 CYC:148
C7BD  4C D9 C7  JMP $C7D9                       A:80 X:00 Y:00 P:A4 SP:FB PPU:  1,109 CYC:150
C7D9  EA        NOP                             A:80 X:00 Y:00 P:A4 SP:FB PPU:  1,118 CYC:153
C7DA  60        RTS                             A:80 X:00 Y:00 P:A4 SP:FB PPU:  1,124 CYC:155
C600  20 DB C7  JSR $C7DB                       A:80 X:00 Y:00 P:A4 SP:FD PPU:  1,142 CYC:161
C7DB  EA        NOP                             A:80 X:00 Y:00 P:A4 SP:FB PPU:  1,160 CYC:167
C7DC  A9 FF     LDA #$FF                        A:80 X:00 Y:00 P:A4 SP:FB PPU:  1,166 CYC:169
C7DE  85 01     STA $01 = 00                    A:FF X:00 Y:00 P:A4 SP:FB PPU:  1,172 CYC:171
C7E0  24 01     BIT $01 = FF                    A:FF X:00 Y:00 P:A4 SP:FB PPU:  1,181 CYC:174
C7E2  A9 00     LDA #$00                        A:FF X:00 Y:00 P:E4 SP:FB PPU:  1,190 CYC:177
C7E4  38        SEC                             A:00 X:00 Y:00 P:66 SP:FB PPU:  1,196 CYC:179
C7E5  78        SEI                             A:00 X:00 Y:00 P:67 SP:FB PPU:  1,202 CYC:181
C7E6  F8        SED                             A:00 X:00 Y:00 P:67 SP:FB PPU:  1,208 CYC:183
C7E7  08        PHP                             A:00 X:00 Y:00 P:6F SP:FB PPU:  1,214 CYC:185
C7E8  68        PLA                             A:00 X:00 Y:00 P:6F SP:FA PPU:  1,223 CYC:188
C7E9  29 EF     AND #$EF                        A:7F X:00 Y:00 P:6D SP:FB PPU:  1,235 CYC:192
C7EB  C9 6F     CMP #$6F                        A:6F X:00 Y:00 P:6D SP:FB PPU:  1,241 CYC:194
C7ED  F0 04     BEQ $C7F3                       A:6F X:00 Y:00 P:6F SP:FB PPU:  1,247 CYC:196
C7F3  EA        NOP                             A:6F X:00 Y:00 P:6F SP:FB PPU:  1,256 CYC:199
C7F4  A9 40     LDA #$40                        A:6F X:00 Y:00 P:6F SP:FB PPU:  1,262 CYC:201
C7F6  85 01     STA $01 = FF                    A:40 X:00 Y:00 P:6D SP:FB PPU:  1,268 CYC:203
C7F8  24 01     BIT $01 = 40                    A:40 X:00 Y:00 P:6D SP:FB PPU:  1,277 CYC:206
C7FA  D8        CLD                             A:40 X:00 Y:00 P:6D SP:FB PPU:  1,286 CYC:209
C7FB  A9 10     LDA #$10                        A:40 X:00 Y:00 P:65 SP:FB PPU:  1,292 CYC:211
C7FD  18        CLC                             A:10 X:00 Y:00 P:65 SP:FB PPU:  1,298 CYC:213
C7FE  08        PHP                             A:10 X:00 Y:00 P:64 SP:FB PPU:  1,304 CYC:215
C7FF  68        PLA                             A:10 X:00 Y:00 P:64 SP:FA PPU:  1,313 CYC:218
C800  29 EF     AND #$EF                        A:74 X:00 Y:00 P:64 SP:FB PPU:  1,325 CYC:222
C802  C9 64     CMP #$64                        A:64 X:00 Y:00 P:64 SP:FB PPU:  1,331 CYC:224
C804  F0 04     BEQ $C80A                       A:64 X:00 Y:00 P:67 SP:FB PPU:  1,337 CYC:226
C80A  EA        NOP                             A:64 X:00 Y:00 P:67 SP:FB PPU:  2,  5 CYC:229
C80B  A9 80     LDA #$80                        A:64 X:00 Y:00 P:67 SP:FB PPU:  2, 11 CYC:231
C80D  85 01     STA $01 = 40                    A:80 X:00 Y:00 P:E5 SP:FB PPU:  2, 17 CYC:233
C80F  24 01     BIT $01 = 80                    A:80 X:00 Y:00 P:E5 SP:FB PPU:  2, 26 CYC:236
C811  F8        SED                             A:80 X:00 Y:00 P:A5 SP:FB PPU:  2, 35 CYC:239
C812  A9 00     LDA #$00                        A:80 X:00 Y:00 P:AD SP:FB PPU:  2, 41 CYC:241
C814  38        SEC                             A:00 X:00 Y:00 P:2F SP:FB PPU:  2, 47 CYC:243
C815  08        PHP                             A:00 X:00 Y:00 P:2F SP:FB PPU:  2, 53 CYC:245
C816  68        PLA                             A:00 X:00 Y:00 P:2F SP:FA PPU:  2, 62 CYC:248
C817  29 EF     AND #$EF                        A:3F X:00 Y:00 P:2D SP:FB PPU:  2, 74 CYC:252
C819  C9 2F     CMP #$2F                        A:2F X:00 Y:00 P:2D SP:FB PPU:  2, 80 CYC:254
C81B  F0 04     BEQ $C821                       A:2F X:00 Y:00 P:2F SP:FB PPU:  2, 86 CYC:256
C821  EA        NOP                             A:2F X:00 Y:00 P:2F SP:FB PPU:  2, 95 CYC:259
C822  A9 FF     LDA #$FF                        A:2F X:00 Y:00 P:2F SP:FB PPU:  2,101 CYC:261
C824  48        PHA                             A:FF X:00 Y:00 P:AD SP:FB PPU:  2,107 CYC:263
C825  28        PLP                             A:FF X:00 Y:00 P:AD SP:FA PPU:  2,116 CYC:266
C826  D0 09     BNE $C831                       A:FF X:00 Y:00 P:EF SP:FB PPU:  2,128 CYC:270
C828  10 07     BPL $C831                       A:FF X:00 Y:00 P:EF SP:FB PPU:  2,134 CYC:272
C82A  50 05     BVC $C831                       A:FF X:00 Y:00 P:EF SP:FB PPU:  2,140 CYC:274
C82C  90 03     BCC $C831                       A:FF X:00 Y:00 P:EF SP:FB PPU:  2,146 CYC:276
C82E  4C 35 C8  JMP $C835                       A:FF X:00 Y:00 P:EF SP:FB PPU:  2,152 CYC:278
C835  EA        NOP                             A:FF X:00 Y:00 P:EF SP:FB PPU:  2,161 CYC:281
C836  A9 04     LDA #$04                        A:FF X:00 Y:00 P:EF SP:FB PPU:  2,167 CYC:283
C838  48        PHA                             A:04 X:00 Y:00 P:6D SP:FB PPU:  2,173 CYC:285
C839  28        PLP                             A:04 X:00 Y:00 P:6D SP:FA PPU:  2,182 CYC:288
C83A  F0 09     BEQ $C845                       A:04 X:00 Y:00 P:24 SP:FB PPU:  2,194 CYC:292
C83C  30 07     BMI $C845                       A:04 X:00 Y:00 P:24 SP:FB PPU:  2,200 CYC:294
C83E  70 05     BVS $C845                       A:04 X:00 Y:00 P:24 SP:FB PPU:  2,206 CYC:296
C840  B0 03     BCS $C845                       A:04 X:00 Y:00 P:24 SP:FB PPU:  2,212 CYC:298
C842  4C 49 C8  JMP $C849                       A:04 X:00 Y:00 P:24 SP:FB PPU:  2,218 CYC:300
C849  EA        NOP                             A:04 X:00 Y:00 P:24 SP:FB PPU:  2,227 CYC:303
C84A  F8        SED                             A:04 X:00 Y:00 P:24 SP:FB PPU:  2,233 CYC:305
C84B  A9 FF     LDA #$FF                        A:04 X:00 Y:00 P:2C SP:FB PPU:  2,239 CYC:307
C84D  85 01     STA $01 = 80                    A:FF X:00 Y:00 P:AC SP:FB PPU:  2,245 CYC:309
C84F  24 01     BIT $01 = FF                    A:FF X:00 Y:00 P:AC SP:FB PPU:  2,254 CYC:312
C851  18        CLC                             A:FF X:00 Y:00 P:EC SP:FB PPU:  2,263 CYC:315
C852  A9 00     LDA #$00                        A:FF X:00 Y:00 P:EC SP:FB PPU:  2,269 CYC:317
C854  48        PHA                             A:00 X:00 Y:00 P:6E SP:FB PPU:  2,275 CYC:319
C855  A9 FF     LDA #$FF                        A:00 X:00 Y:00 P:6E SP:FA PPU:  2,284 CYC:322
C857  68        PLA                             A:FF X:00 Y:00 P:EC SP:FA PPU:  2,290 CYC:324
C858  D0 09     BNE $C863                       A:00 X:00 Y:00 P:6E SP:FB PPU:  2,302 CYC:328
C85A  30 07     BMI $C863                       A:00 X:00 Y:00 P:6E SP:FB PPU:  2,308 CYC:330
C85C  50 05     BVC $C863                       A:00 X:00 Y:00 P:6E SP:FB PPU:  2,314 CYC:332
C85E  B0 03     BCS $C863                       A:00 X:00 Y:00 P:6E SP:FB PPU:  2,320 CYC:334
C860  4C 67 C8  JMP $C867                       A:00 X:00 Y:00 P:6E SP:FB PPU:  2,326 CYC:336
C867  EA        NOP                             A:00 X:00 Y:00 P:6E SP:FB PPU:  2,335 CYC:339
C868  A9 00     LDA #$00                        A:00 X:00 Y:00 P:6E SP:FB PPU:  3,  0 CYC:341
C86A  85 01     STA $01 = FF                    A:00 X:00 Y:00 P:6E SP:FB PPU:  3,  6 CYC:343
C86C  24 01     BIT $01 = 00                    A:00 X:00 Y:00 P:6E SP:FB PPU:  3, 15 CYC:346
C86E  38        SEC                             A:00 X:00 Y:00 P:2E SP:FB PPU:  3, 24 CYC:349
C86F  A9 FF     LDA #$FF                        A:00 X:00 Y:00 P:2F SP:FB PPU:  3, 30 CYC:351
C871  48        PHA                             A:FF X:00 Y:00 P:AD SP:FB PPU:  3, 36 CYC:353
C872  A9 00     LDA #$00                        A:FF X:00 Y:00 P:AD SP:FA PPU:  3, 45 CYC:356
C874  68        PLA                             A:00 X:00 Y:00 P:2F SP:FA PPU:  3, 51 CYC:358
C875  F0 09     BEQ $C880                       A:FF X:00 Y:00 P:AD SP:FB PPU:  3, 63 CYC:362
C877  10 07     BPL $C880                       A:FF X:00 Y:00 P:AD SP:FB PPU:  3, 69 CYC:364
C879  70 05     BVS $C880                       A:FF X:00 Y:00 P:AD SP:FB PPU:  3, 75 CYC:366
C87B  90 03     BCC $C880                       A:FF X:00 Y:00 P:AD SP:FB PPU:  3, 81 CYC:368
C87D  4C 84 C8  JMP $C884                       A:FF X:00 Y:00 P:AD SP:FB PPU:  3, 87 CYC:370
C884  60        RTS                             A:FF X:00 Y:00 P:AD SP:FB PPU:  3, 96 CYC:373
C603  20 85 C8  JSR $C885                       A:FF X:00 Y:00 P:AD SP:FD PPU:  3,114 CYC:379
C885  EA        NOP                             A:FF X:00 Y:00 P:AD SP:FB PPU:  3,132 CYC:385
C886  18        CLC                             A:FF X:00 Y:00 P:AD SP:FB PPU:  3,138 CYC:387
C887  A9 FF     LDA #$FF                        A:FF X:00 Y:00 P:AC SP:FB PPU:  3,144 CYC:389
C889  85 01     STA $01 = 00                    A:FF X:00 Y:00 P:AC SP:FB PPU:  3,150 CYC:391
C88B  24 01     BIT $01 = FF                    A:FF X:00 Y:00 P:AC SP:FB PPU:  3,159 CYC:394
C88D  A9 55     LDA #$55                        A:FF X:00 Y:00 P:EC SP:FB PPU:  3,168 CYC:397
C88F  09 AA     ORA #$AA                        A:55 X:00 Y:00 P:6C SP:FB PPU:  3,174 CYC:399
C891  B0 0B     BCS $C89E                       A:FF X:00 Y:00 P:EC SP:FB PPU:  3,180 CYC:401
C893  10 09     BPL $C89E                       A:FF X:00 Y:00 P:EC SP:FB PPU:  3,186 CYC:403
C895  C9 FF     CMP #$FF                        A:FF X:00 Y:00 P:EC SP:FB PPU:  3,192 CYC:405
C897  D0 05     BNE $C89E                       A:FF X:00 Y:00 P:6F SP:FB PPU:  3,198 CYC:407
C899  50 03     BVC $C89E                       A:FF X:00 Y:00 P:6F SP:FB PPU:  3,204 CYC:409
C89B  4C A2 C8  JMP $C8A2                       A:FF X:00 Y:00 P:6F SP:FB PPU:  3,210 CYC:411
C8A2  EA        NOP                             A:FF X:00 Y:00 P:6F SP:FB PPU:  3,219 CYC:414
C8A3  38        SEC                             A:FF X:00 Y:00 P:6F SP:FB PPU:  3,225 CYC:416
C8A4  B8        CLV                             A:FF X:00 Y:00 P:6F SP:FB PPU:  3,231 CYC:418
C8A5  A9 00     LDA #$00                        A:FF X:00 Y:00 P:2F SP:FB PPU:  3,237 CYC:420
C8A7  09 00     ORA #$00                        A:00 X:00 Y:00 P:2F SP:FB PPU:  3,243 CYC:422
C8A9  D0 09     BNE $C8B4                       A:00 X:00 Y:00 P:2F SP:FB PPU:  3,249 CYC:424
C8AB  70 07     BVS $C8B4                       A:00 X:00 Y:00 P:2F SP:FB PPU:  3,255 CYC:426
C8AD  90 05     BCC $C8B4                       A:00 X:00 Y:00 P:2F SP:FB PPU:  3,261 CYC:428
C8AF  30 03     BMI $C8B4                       A:00 X:00 Y:00 P:2F SP:FB PPU:  3,267 CYC:430
C8B1  4C B8 C8  JMP $C8B8                       A:00 X:00 Y:00 P:2F SP:FB PPU:  3,273 CYC:432
C8B8  EA        NOP                             A:00 X:00 Y:00 P:2F SP:FB PPU:  3,282 CYC:435
C8B9  18        CLC                             A:00 X:00 Y:00 P:2F SP:FB PPU:  3,288 CYC:437
C8BA  24 01     BIT $01 = FF                    A:00 X:00 Y:00 P:2E SP:FB PPU:  3,294 CYC:439
C8BC  A9 55     LDA #$55                        A:00 X:00 Y:00 P:EE SP:FB PPU:  3,303 CYC:442
C8BE  29 AA     AND #$AA                        A:55 X:00 Y:00 P:6C SP:FB PPU:  3,309 CYC:444
C8C0  D0 09     BNE $C8CB                       A:00 X:00 Y:00 P:6E SP:FB PPU:  3,315 CYC:446
C8C2  50 07     BVC $C8CB                       A:00 X:00 Y:00 P:6E SP:FB PPU:  3,321 CYC:448
C8C4  B0 05     BCS $C8CB                       A:00 X:00 Y:00 P:6E SP:FB PPU:  3,327 CYC:450
C8C6  30 03     BMI $C8CB                       A:00 X:00 Y:00 P:6E SP:FB PPU:  3,333 CYC:452
C8C8  4C CF C8  JMP $C8CF                       A:00 X:00 Y:00 P:6E SP:FB PPU:  3,339 CYC:454
C8CF  EA        NOP                             A:00 X:00 Y:00 P:6E SP:FB PPU:  4,  7 CYC:457
C8D0  38        SEC                             A:00 X:00 Y:00 P:6E SP:FB PPU:  4, 13 CYC:459
C8D1  B8        CLV                             A:00 X:00 Y:00 P:6F SP:FB PPU:  4, 19 CYC:461
C8D2  A9 F8     LDA #$F8                        A:00 X:00 Y:00 P:2F SP:FB PPU:  4, 25 CYC:463
C8D4  29 EF     AND #$EF                        A:F8 X:00 Y:00 P:AD SP:FB PPU:  4, 31 CYC:465
C8D6  90 0B     BCC $C8E3                       A:E8 X:00 Y:00 P:AD SP:FB PPU:  4, 37 CYC:467
C8D8  10 09     BPL $C8E3                       A:E8 X:00 Y:00 P:AD SP:FB PPU:  4, 43 CYC:469
C8DA  C9 E8     CMP #$E8                        A:E8 X:00 Y:00 P:AD SP:FB PPU:  4, 49 CYC:471
C8DC  D0 05     BNE $C8E3                       A:E8 X:00 Y:00 P:2F SP:FB PPU:  4, 55 CYC:473
C8DE  70 03     BVS $C8E3                       A:E8 X:00 Y:00 P:2F SP:FB PPU:  4, 61 CYC:475
C8E0  4C E7 C8  JMP $C8E7                       A:E8 X:00 Y:00 P:2F SP:FB PPU:  4, 67 CYC:477
C8E7  EA        NOP                             A:E8 X:00 Y:00 P:2F SP:FB PPU:  4, 76 CYC:480
C8E8  18        CLC                             A:E8 X:00 Y:00 P:2F SP:FB PPU:  4, 82 CYC:482
C8E9  24 01     BIT $01 = FF                    A:E8 X:00 Y:00 P:2E SP:FB PPU:  4, 88 CYC:484
C8EB  A9 5F     LDA #$5F                        A:E8 X:00 Y:00 P:EC SP:FB PPU:  4, 97 CYC:487
C8ED  49 AA     EOR #$AA                        A:5F X:00 Y:00 P:6C SP:FB PPU:  4,103 CYC:489
C8EF  B0 0B     BCS $C8FC                       A:F5 X:00 Y:00 P:EC SP:FB PPU:  4,109 CYC:491
C8F1  10 09     BPL $C8FC                       A:F5 X:00 Y:00 P:EC SP:FB PPU:  4,115 CYC:493
C8F3  C9 F5     CMP #$F5                        A:F5 X:00 Y:00 P:EC SP:FB PPU:  4,121 CYC:495
C8F5  D0 05     BNE $C8FC                       A:F5 X:00 Y:00 P:6F SP:FB PPU:  4,127 CYC:497
C8F7  50 03     BVC $C8FC                       A:F5 X:00 Y:00 P:6F SP:FB PPU:  4,133 CYC:499
C8F9  4C 00 C9  JMP $C900                       A:F5 X:00 Y:00 P:6F SP:FB PPU:  4,139 CYC:501
C900  EA        NOP                             A:F5 X:00 Y:00 P:6F SP:FB PPU:  4,148 CYC:504
C901  38        SEC                             A:F5 X:00 Y:00 P:6F SP:FB PPU:  4,154 CYC:506
C902  B8        CLV                             A:F5 X:00 Y:00 P:6F SP:FB PPU:  4,160 CYC:508
C903  A9 70     LDA #$70                        A:F5 X:00 Y:00 P:2F SP:FB PPU:  4,166 CYC:510
C905  49 70     EOR #$70                        A:70 X:00 Y:00 P:2D SP:FB PPU:  4,172 CYC:512
C907  D0 09     BNE $C912                       A:00 X:00 Y:00 P:2F SP:FB PPU:  4,178 CYC:514
C909  70 07     BVS $C912                       A:00 X:00 Y:00 P:2F SP:FB PPU:  4,184 CYC:516
C90B  90 05     BCC $C912                       A:00 X:00 Y:00 P:2F SP:FB PPU:  4,190 CYC:518
C90D  30 03     BMI $C912                       A:00 X:00 Y:00 P:2F SP:FB PPU:  4,196 CYC:520
C90F  4C 16 C9  JMP $C916                       A:00 X:00 Y:00 P:2F SP:FB PPU:  4,202 CYC:522
C916  EA        NOP                             A:00 X:00 Y:00 P:2F SP:FB PPU:  4,211 CYC:525
C917  18        CLC                             A:00 X:00 Y:00 P:2F SP:FB PPU:  4,217 CYC:527
C918  24 01     BIT $01 = FF                    A:00 X:00 Y:00 P:2E SP:FB PPU:  4,223 CYC:529
C91A  A9 00     LDA #$00                        A:00 X:00 Y:00 P:EE SP:FB PPU:  4,232 CYC:532
C91C  69 69     ADC #$69                        A:00 X:00 Y:00 P:6E SP:FB PPU:  4,238 CYC:534
C91E  30 0B     BMI $C92B                       A:69 X:00 Y:00 P:2C SP:FB PPU:  4,244 CYC:536
C920  B0 09     BCS $C92B                       A:69 X:00 Y:00 P:2C SP:FB PPU:  4,250 CYC:538
C922  C9 69     CMP #$69                        A:69 X:00 Y:00 P:2C SP:FB PPU:  4,256 CYC:540
C924  D0 05     BNE $C92B                       A:69 X:00 Y:00 P:2F SP:FB PPU:  4,262 CYC:542
C926  70 03     BVS $C92B                       A:69 X:00 Y:00 P:2F SP:FB PPU:  4,268 CYC:544
C928  4C 2F C9  JMP $C92F                       A:69 X:00 Y:00 P:2F SP:FB PPU:  4,274 CYC:546
C92F  EA        NOP                             A:69 X:00 Y:00 P:2F SP:FB PPU:  4,283 CYC:549
C930  38        SEC                             A:69 X:00 Y:00 P:2F SP:FB PPU:  4,289 CYC:551
C931  F8        SED                             A:69 X:00 Y:00 P:2F SP:FB PPU:  4,295 CYC:553
C932  24 01     BIT $01 = FF                    A:69 X:00 Y:00 P:2F SP:FB PPU:  4,301 CYC:555
C934  A9 01     LDA #$01                        A:69 X:00 Y:00 P:ED SP:FB PPU:  4,310 CYC:558
C936  69 69     ADC #$69                        A:01 X:00 Y:00 P:6D SP:FB PPU:  4,316 CYC:560
C938  30 0B     BMI $C945                       A:6B X:00 Y:00 P:2C SP:FB PPU:  4,322 CYC:562
C93A  B0 09     BCS $C945                       A:6B X:00 Y:00 P:2C SP:FB PPU:  4,328 CYC:564
C93C  C9 6B     CMP #$6B                        A:6B X:00 Y:00 P:2C SP:FB PPU:  4,334 CYC:566
C93E  D0 05     BNE $C945                       A:6B X:00 Y:00 P:2F SP:FB PPU:  4,340 CYC:568
C940  70 03     BVS $C945                       A:6B X:00 Y:00 P:2F SP:FB PPU:  5,  5 CYC:570
C942  4C 49 C9  JMP $C949                       A:6B X:00 Y:00 P:2F SP:FB PPU:  5, 11 CYC:572
C949  EA        NOP                             A:6B X:00 Y:00 P:2F SP:FB PPU:  5, 20 CYC:575
C94A  D8        CLD                             A:6B X:00 Y:00 P:2F SP:FB PPU:  5, 26 CYC:577
C94B  38        SEC                             A:6B X:00 Y:00 P:27 SP:FB PPU:  5, 32 CYC:579
C94C  B8        CLV                             A:6B X:00 Y:00 P:27 SP:FB PPU:  5, 38 CYC:581
C94D  A9 7F     LDA #$7F                        A:6B X:00 Y:00 P:27 SP:FB PPU:  5, 44 CYC:583
C94F  69 7F     ADC #$7F                        A:7F X:00 Y:00 P:25 SP:FB PPU:  5, 50 CYC:585
C951  10 0B     BPL $C95E                       A:FF X:00 Y:00 P:E4 SP:FB PPU:  5, 56 CYC:587
C953  B0 09     BCS $C95E                       A:FF X:00 Y:00 P:E4 SP:FB PPU:  5, 62 CYC:589
C955  C9 FF     CMP #$FF                        A:FF X:00 Y:00 P:E4 SP:FB PPU:  5, 68 CYC:591
C957  D0 05     BNE $C95E                       A:FF X:00 Y:00 P:67 SP:FB PPU:  5, 74 CYC:593
C959  50 03     BVC $C95E                       A:FF X:00 Y:00 P:67 SP:FB PPU:  5, 80 CYC:595
C95B  4C 62 C9  JMP $C962                       A:FF X:00 Y:00 P:67 SP:FB PPU:  5, 86 CYC:597
C962  EA        NOP                             A:FF X:00 Y:00 P:67 SP:FB PPU:  5, 95 CYC:600
C963  18        CLC                             A:FF X:00 Y:00 P:67 SP:FB PPU:  5,101 CYC:602
C964  24 01     BIT $01 = FF                    A:FF X:00 Y:00 P:66 SP:FB PPU:  5,107 CYC:604
C966  A9 7F     LDA #$7F                        A:FF X:00 Y:00 P:E4 SP:FB PPU:  5,116 CYC:607
C968  69 80     ADC #$80                        A:7F X:00 Y:00 P:64 SP:FB PPU:  5,122 CYC:609
C96A  10 0B     BPL $C977                       A:FF X:00 Y:00 P:A4 SP:FB PPU:  5,128 CYC:611
C96C  B0 09     BCS $C977                       A:FF X:00 Y:00 P:A4 SP:FB PPU:  5,134 CYC:613
C96E  C9 FF     CMP #$FF                        A:FF X:00 Y:00 P:A4 SP:FB PPU:  5,140 CYC:615
C970  D0 05     BNE $C977                       A:FF X:00 Y:00 P:27 SP:FB PPU:  5,146 CYC:617
C972  70 03     BVS $C977                       A:FF X:00 Y:00 P:27 SP:FB PPU:  5,152 CYC:619
C974  4C 7B C9  JMP $C97B                       A:FF X:00 Y:00 P:27 SP:FB PPU:  5,158 CYC:621
C97B  EA        NOP                             A:FF X:00 Y:00 P:27 SP:FB PPU:  5,167 CYC:624
C97C  38        SEC                             A:FF X:00 Y:00 P:27 SP:FB PPU:  5,173 CYC:626
C97D  B8        CLV                             A:FF X:00 Y:00 P:27 SP:FB PPU:  5,179 CYC:628
C97E  A9 7F     LDA #$7F                        A:FF X:00 Y:00 P:27 SP:FB PPU:  5,185 CYC:630
C980  69 80     ADC #$80                        A:7F X:00 Y:00 P:25 SP:FB PPU:  5,191 CYC:632
C982  D0 09     BNE $C98D                       A:00 X:00 Y:00 P:27 SP:FB PPU:  5,197 CYC:634
C984  30 07     BMI $C98D                       A:00 X:00 Y:00 P:27 SP:FB PPU:  5,203 CYC:636
C986  70 05     BVS $C98D                       A:00 X:00 Y:00 P:27 SP:FB PPU:  5,209 CYC:638
C988  90 03     BCC $C98D                       A:00 X:00 Y:00 P:27 SP:FB PPU:  5,215 CYC:640
C98A  4C 91 C9  JMP $C991                       A:00 X:00 Y:00 P:27 SP:FB PPU:  5,221 CYC:642
C991  EA        NOP                             A:00 X:00 Y:00 P:27 SP:FB PPU:  5,230 CYC:645
C992  38        SEC                             A:00 X:00 Y:00 P:27 SP:FB PPU:  5,236 CYC:647
C993  B8        CLV                             A:00 X:00 Y:00 P:27 SP:FB PPU:  5,242 CYC:649
C994  A9 9F     LDA #$9F                        A:00 X:00 Y:00 P:27 SP:FB PPU:  5,248 CYC:651
C996  F0 09     BEQ $C9A1                       A:9F X:00 Y:00 P:A5 SP:FB PPU:  5,254 CYC:653
C998  10 07     BPL $C9A1                       A:9F X:00 Y:00 P:A5 SP:FB PPU:  5,260 CYC:655
C99A  70 05     BVS $C9A1                       A:9F X:00 Y:00 P:A5 SP:FB PPU:  5,266 CYC:657
C99C  90 03     BCC $C9A1                       A:9F X:00 Y:00 P:A5 SP:FB PPU:  5,272 CYC:659
C99E  4C A5 C9  JMP $C9A5                       A:9F X:00 Y:00 P:A5 SP:FB PPU:  5,278 CYC:661
C9A5  EA        NOP                             A:9F X:00 Y:00 P:A5 SP:FB PPU:  5,287 CYC:664
C9A6  18        CLC                             A:9F X:00 Y:00 P:A5 SP:FB PPU:  5,293 CYC:666
C9A7  24 01     BIT $01 = FF                    A:9F X:00 Y:00 P:A4 SP:FB PPU:  5,299 CYC:668
C9A9  A9 00     LDA #$00                        A:9F X:00 Y:00 P:E4 SP:FB PPU:  5,308 CYC:671
C9AB  D0 09     BNE $C9B6                       A:00 X:00 Y:00 P:66 SP:FB PPU:  5,314 CYC:673
C9AD  30 07     BMI $C9B6                       A:00 X:00 Y:00 P:66 SP:FB PPU:  5,320 CYC:675
C9AF  50 05     BVC $C9B6                       A:00 X:00 Y:00 P:66 SP:FB PPU:  5,326 CYC:677
C9B1  B0 03     BCS $C9B6                       A:00 X:00 Y:00 P:66 SP:FB PPU:  5,332 CYC:679
C9B3  4C BA C9  JMP $C9BA                       A:00 X:00 Y:00 P:66 SP:FB PPU:  5,338 CYC:681
C9BA  EA        NOP                             A:00 X:00 Y:00 P:66 SP:FB PPU:  6,  6 CYC:684
C9BB  24 01     BIT $01 = FF                    A:00 X:00 Y:00 P:66 SP:FB PPU:  6, 12 CYC:686
C9BD  A9 40     LDA #$40                        A:00 X:00 Y:00 P:E6 SP:FB PPU:  6, 21 CYC:689
C9BF  C9 40     CMP #$40                        A:40 X:00 Y:00 P:64 SP:FB PPU:  6, 27 CYC:691
C9C1  30 09     BMI $C9CC                       A:40 X:00 Y:00 P:67 SP:FB PPU:  6, 33 CYC:693
C9C3  90 07     BCC $C9CC                       A:40 X:00 Y:00 P:67 SP:FB PPU:  6, 39 CYC:695
C9C5  D0 05     BNE $C9CC                       A:40 X:00 Y:00 P:67 SP:FB PPU:  6, 45 CYC:697
C9C7  50 03     BVC $C9CC                       A:40 X:00 Y:00 P:67 SP:FB PPU:  6, 51 CYC:699
C9C9  4C D0 C9  JMP $C9D0                       A:40 X:00 Y:00 P:67 SP:FB PPU:  6, 57 CYC:701
C9D0  EA        NOP                             A:40 X:00 Y:00 P:67 SP:FB PPU:  6, 66 CYC:704
C9D1  B8        CLV                             A:40 X:00 Y:00 P:67 SP:FB PPU:  6, 72 CYC:706
C9D2  C9 3F     CMP #$3F                        A:40 X:00 Y:00 P:27 SP:FB PPU:  6, 78 CYC:708
C9D4  F0 09     BEQ $C9DF                       A:40 X:00 Y:00 P:25 SP:FB PPU:  6, 84 CYC:710
C9D6  30 07     BMI $C9DF                       A:40 X:00 Y:00 P:25 SP:FB PPU:  6, 90 CYC:712
C9D8  90 05     BCC $C9DF                       A:40 X:00 Y:00 P:25 SP:FB PPU:  6, 96 CYC:714
C9DA  70 03     BVS $C9DF                       A:40 X:00 Y:00 P:25 SP:FB PPU:  6,102 CYC:716
C9DC  4C E3 C9  JMP $C9E3                       A:40 X:00 Y:00 P:25 SP:FB PPU:  6,108 CYC:718
C9E3  EA        NOP                             A:40 X:00 Y:00 P:25 SP:FB PPU:  6,117 CYC:721
C9E4  C9 41     CMP #$41                        A:40 X:00 Y:00 P:25 SP:FB PPU:  6,123 CYC:723
C9E6  F0 07     BEQ $C9EF                       A:40 X:00 Y:00 P:A4 SP:FB PPU:  6,129 CYC:725
C9E8  10 05     BPL $C9EF                       A:40 X:00 Y:00 P:A4 SP:FB PPU:  6,135 CYC:727
C9EA  10 03     BPL $C9EF                       A:40 X:00 Y:00 P:A4 SP:FB PPU:  6,141 CYC:729
C9EC  4C F3 C9  JMP $C9F3                       A:40 X:00 Y:00 P:A4 SP:FB PPU:  6,147 CYC:731
C9F3  EA        NOP                             A:40 X:00 Y:00 P:A4 SP:FB PPU:  6,156 CYC:734
C9F4  A9 80     LDA #$80                        A:40 X:00 Y:00 P:A4 SP:FB PPU:  6,162 CYC:736
C9F6  C9 00     CMP #$00                        A:80 X:00 Y:00 P:A4 SP:FB PPU:  6,168 CYC:738
C9F8  F0 07     BEQ $CA01                       A:80 X:00 Y:00 P:A5 SP:FB PPU:  6,174 CYC:740
C9FA  10 05     BPL $CA01                       A:80 X:00 Y:00 P:A5 SP:FB PPU:  6,180 CYC:742
C9FC  90 03     BCC $CA01                       A:80 X:00 Y:00 P:A5 SP:FB PPU:  6,186 CYC:744
C9FE  4C 05 CA  JMP $CA05                       A:80 X:00 Y:00 P:A5 SP:FB PPU:  6,192 CYC:746
CA05  EA        NOP                             A:80 X:00 Y:00 P:A5 SP:FB PPU:  6,201 CYC:749
CA06  C9 80     CMP #$80                        A:80 X:00 Y:00 P:A5 SP:FB PPU:  6,207 CYC:751
CA08  D0 07     BNE $CA11                       A:80 X:00 Y:00 P:27 SP:FB PPU:  6,213 CYC:753
CA0A  30 05     BMI $CA11                       A:80 X:00 Y:00 P:27 SP:FB PPU:  6,219 CYC:755
CA0C  90 03     BCC $CA11                       A:80 X:00 Y:00 P:27 SP:FB PPU:  6,225 CYC:757
CA0E  4C 15 CA  JMP $CA15                       A:80 X:00 Y:00 P:27 SP:FB PPU:  6,231 CYC:759
CA15  EA        NOP                             A:80 X:00 Y:00 P:27 SP:FB PPU:  6,240 CYC:762
CA16  C9 81     CMP #$81                        A:80 X:00 Y:00 P:27 SP:FB PPU:  6,246 CYC:764
CA18  B0 07     BCS $CA21                       A:80 X:00 Y:00 P:A4 SP:FB PPU:  6,252 CYC:766
CA1A  F0 05     BEQ $CA21                       A:80 X:00 Y:00 P:A4 SP:FB PPU:  6,258 CYC:768
CA1C  10 03     BPL $CA21                       A:80 X:00 Y:00 P:A4 SP:FB PPU:  6,264 CYC:770
CA1E  4C 25 CA  JMP $CA25                       A:80 X:00 Y:00 P:A4 SP:FB PPU:  6,270 CYC:772
CA25  EA        NOP                             A:80 X:00 Y:00 P:A4 SP:FB PPU:  6,279 CYC:775
CA26  C9 7F     CMP #$7F                        A:80 X:00 Y:00 P:A4 SP:FB PPU:  6,285 CYC:777
CA28  90 07     BCC $CA31                       A:80 X:00 Y:00 P:25 SP:FB PPU:  6,291 CYC:779
CA2A  F0 05     BEQ $CA31                       A:80 X:00 Y:00 P:25 SP:FB PPU:  6,297 CYC:781
CA2C  30 03     BMI $CA31                       A:80 X:00 Y:00 P:25 SP:FB PPU:  6,303 CYC:783
CA2E  4C 35 CA  JMP $CA35                       A:80 X:00 Y:00 P:25 SP:FB PPU:  6,309 CYC:785
CA35  EA        NOP                             A:80 X:00 Y:00 P:25 SP:FB PPU:  6,318 CYC:788
CA36  24 01     BIT $01 = FF                    A:80 X:00 Y:00 P:25 SP:FB PPU:  6,324 CYC:790
CA38  A0 40     LDY #$40                        A:80 X:00 Y:00 P:E5 SP:FB PPU:  6,333 CYC:793
CA3A  C0 40     CPY #$40                        A:80 X:00 Y:40 P:65 SP:FB PPU:  6,339 CYC:795
CA3C  D0 09     BNE $CA47                       A:80 X:00 Y:40 P:67 SP:FB PPU:  7,  4 CYC:797
CA3E  30 07     BMI $CA47                       A:80 X:00 Y:40 P:67 SP:FB PPU:  7, 10 CYC:799
CA40  90 05     BCC $CA47                       A:80 X:00 Y:40 P:67 SP:FB PPU:  7, 16 CYC:801
CA42  50 03     BVC $CA47                       A:80 X:00 Y:40 P:67 SP:FB PPU:  7, 22 CYC:803
CA44  4C 4B CA  JMP $CA4B                       A:80 X:00 Y:40 P:67 SP:FB PPU:  7, 28 CYC:805
CA4B  EA        NOP                             A:80 X:00 Y:40 P:67 SP:FB PPU:  7, 37 CYC:808
CA4C  B8        CLV                             A:80 X:00 Y:40 P:67 SP:FB PPU:  7, 43 CYC:810
CA4D  C0 3F     CPY #$3F                        A:80 X:00 Y:40 P:27 SP:FB PPU:  7, 49 CYC:812
CA4F  F0 09     BEQ $CA5A                       A:80 X:00 Y:40 P:25 SP:FB PPU:  7, 55 CYC:814
CA51  30 07     BMI $CA5A                       A:80 X:00 Y:40 P:25 SP:FB PPU:  7, 61 CYC:816
CA53  90 05     BCC $CA5A                       A:80 X:00 Y:40 P:25 SP:FB PPU:  7, 67 CYC:818
CA55  70 03     BVS $CA5A                       A:80 X:00 Y:40 P:25 SP:FB PPU:  7, 73 CYC:820
CA57  4C 5E CA  JMP $CA5E                       A:80 X:00 Y:40 P:25 SP:FB PPU:  7, 79 CYC:822
CA5E  EA        NOP                             A:80 X:00 Y:40 P:25 SP:FB PPU:  7, 88 CYC:825
CA5F  C0 41     CPY #$41                        A:80 X:00 Y:40 P:25 SP:FB PPU:  7, 94 CYC:827
CA61  F0 07     BEQ $CA6A                       A:80 X:00 Y:40 P:A4 SP:FB PPU:  7,100 CYC:829
CA63  10 05     BPL $CA6A                       A:80 X:00 Y:40 P:A4 SP:FB PPU:  7,106 CYC:831
CA65  10 03     BPL $CA6A                       A:80 X:00 Y:40 P:A4 SP:FB PPU:  7,112 CYC:833
CA67  4C 6E CA  JMP $CA6E                       A:80 X:00 Y:40 P:A4 SP:FB PPU:  7,118 CYC:835
CA6E  EA        NOP                             A:80 X:00 Y:40 P:A4 SP:FB PPU:  7,127 CYC:838
CA6F  A0 80     LDY #$80                        A:80 X:00 Y:40 P:A4 SP:FB PPU:  7,133 CYC:840
CA71  C0 00     CPY #$00                        A:80 X:00 Y:80 P:A4 SP:FB PPU:  7,139 CYC:842
CA73  F0 07     BEQ $CA7C                       A:80 X:00 Y:80 P:A5 SP:FB PPU:  7,145 CYC:844
CA75  10 05     BPL $CA7C                       A:80 X:00 Y:80 P:A5 SP:FB PPU:  7,151 CYC:846
CA77  90 03     BCC $CA7C                       A:80 X:00 Y:80 P:A5 SP:FB PPU:  7,157 CYC:848
CA79  4C 80 CA  JMP $CA80                       A:80 X:00 Y:80 P:A5 SP:FB PPU:  7,163 CYC:850
CA80  EA        NOP                             A:80 X:00 Y:80 P:A5 SP:FB PPU:  7,172 CYC:853
CA81  C0 80     CPY #$80                        A:80 X:00 Y:80 P:A5 SP:FB PPU:  7,178 CYC:855
CA83  D0 07     BNE $CA8C                       A:80 X:00 Y:80 P:27 SP:FB PPU:  7,184 CYC:857
CA85  30 05     BMI $CA8C                       A:80 X:00 Y:80 P:27 SP:FB PPU:  7,190 CYC:859
CA87  90 03     BCC $CA8C                       A:80 X:00 Y:80 P:27 SP:FB PPU:  7,196 CYC:861
CA89  4C 90 CA  JMP $CA90                       A:80 X:00 Y:80 P:27 SP:FB PPU:  7,202 CYC:863
CA90  EA        NOP                             A:80 X:00 Y:80 P:27 SP:FB PPU:  7,211 CYC:866
CA91  C0 81     CPY #$81                        A:80 X:00 Y:80 P:27 SP:FB PPU:  7,217 CYC:868
CA93  B0 07     BCS $CA9C                       A:80 X:00 Y:80 P:A4 SP:FB PPU:  7,223 CYC:870
CA95  F0 05     BEQ $CA9C                       A:80 X:00 Y:80 P:A4 SP:FB PPU:  7,229 CYC:872
CA97  10 03     BPL $CA9C                       A:80 X:00 Y:80 P:A4 SP:FB PPU:  7,235 CYC:874
CA99  4C A0 CA  JMP $CAA0                       A:80 X:00 Y:80 P:A4 SP:FB PPU:  7,241 CYC:876
CAA0  EA        NOP                             A:80 X:00 Y:80 P:A4 SP:FB PPU:  7,250 CYC:879
CAA1  C0 7F     CPY #$7F                        A:80 X:00 Y:80 P:A4 SP:FB PPU:  7,256 CYC:881
CAA3  90 07     BCC $CAAC                       A:80 X:00 Y:80 P:25 SP:FB PPU:  7,262 CYC:883
CAA5  F0 05     BEQ $CAAC                       A:80 X:00 Y:80 P:25 SP:FB PPU:  7,268 CYC:885
CAA7  30 03     BMI $CAAC                       A:80 X:00 Y:80 P:25 SP:FB PPU:  7,274 CYC:887
CAA9  4C B0 CA  JMP $CAB0                       A:80 X:00 Y:80 P:25 SP:FB PPU:  7,280 CYC:889
CAB0  EA        NOP                             A:80 X:00 Y:80 P:25 SP:FB PPU:  7,289 CYC:892
CAB1  24 01     BIT $01 = FF                    A:80 X:00 Y:80 P:25 SP:FB PPU:  7,295 CYC:894
CAB3  A2 40     LDX #$40                        A:80 X:00 Y:80 P:E5 SP:FB PPU:  7,304 CYC:897
CAB5  E0 40     CPX #$40                        A:80 X:40 Y:80 P:65 SP:FB PPU:  7,310 CYC:899
CAB7  D0 09     BNE $CAC2                       A:80 X:40 Y:80 P:67 SP:FB PPU:  7,316 CYC:901
CAB9  30 07     BMI $CAC2                       A:80 X:40 Y:80 P:67 SP:FB PPU:  7,322 CYC:903
CABB  90 05     BCC $CAC2                       A:80 X:40 Y:80 P:67 SP:FB PPU:  7,328 CYC:905
CABD  50 03     BVC $CAC2                       A:80 X:40 Y:80 P:67 SP:FB PPU:  7,334 CYC:907
CABF  4C C6 CA  JMP $CAC6                       A:80 X:40 Y:80 P:67 SP:FB PPU:  7,340 CYC:909
CAC6  EA        NOP                             A:80 X:40 Y:80 P:67 SP:FB PPU:  8,  8 CYC:912
CAC7  B8        CLV                             A:80 X:40 Y:80 P:67 SP:FB PPU:  8, 14 CYC:914
CAC8  E0 3F     CPX #$3F                        A:80 X:40 Y:80 P:27 SP:FB PPU:  8, 20 CYC:916
CACA  F0 09     BEQ $CAD5                       A:80 X:40 Y:80 P:25 SP:FB PPU:  8, 26 CYC:918
CACC  30 07     BMI $CAD5                       A:80 X:40 Y:80 P:25 SP:FB PPU:  8, 32 CYC:920
CACE  90 05     BCC $CAD5                       A:80 X:40 Y:80 P:25 SP:FB PPU:  8, 38 CYC:922
CAD0  70 03     BVS $CAD5                       A:80 X:40 Y:80 P:25 SP:FB PPU:  8, 44 CYC:924
CAD2  4C D9 CA  JMP $CAD9                       A:80 X:40 Y:80 P:25 SP:FB PPU:  8, 50 CYC:926
CAD9  EA        NOP                             A:80 X:40 Y:80 P:25 SP:FB PPU:  8, 59 CYC:929
CADA  E0 41     CPX #$41                        A:80 X:40 Y:80 P:25 SP:FB PPU:  8, 65 CYC:931
CADC  F0 07     BEQ $CAE5                       A:80 X:40 Y:80 P:A4 SP:FB PPU:  8, 71 CYC:933
CADE  10 05     BPL $CAE5                       A:80 X:40 Y:80 P:A4 SP:FB PPU:  8, 77 CYC:935
CAE0  10 03     BPL $CAE5                       A:80 X:40 Y:80 P:A4 SP:FB PPU:  8, 83 CYC:937
CAE2  4C E9 CA  JMP $CAE9                       A:80 X:40 Y:80 P:A4 SP:FB PPU:  8, 89 CYC:939
CAE9  EA        NOP                             A:80 X:40 Y:80 P:A4 SP:FB PPU:  8, 98 CYC:942
CAEA  A2 80     LDX #$80                        A:80 X:40 Y:80 P:A4 SP:FB PPU:  8,104 CYC:944
CAEC  E0 00     CPX #$00                        A:80 X:80 Y:80 P:A4 SP:FB PPU:  8,110 CYC:946
CAEE  F0 07     BEQ $CAF7                       A:80 X:80 Y:80 P:A5 SP:FB PPU:  8,116 CYC:948
CAF0  10 05     BPL $CAF7                       A:80 X:80 Y:80 P:A5 SP:FB PPU:  8,122 CYC:950
CAF2  90 03     BCC $CAF7                       A:80 X:80 Y:80 P:A5 SP:FB PPU:  8,128 CYC:952
CAF4  4C FB CA  JMP $CAFB                       A:80 X:80 Y:80 P:A5 SP:FB PPU:  8,134 CYC:954
CAFB  EA        NOP                             A:80 X:80 Y:80 P:A5 SP:FB PPU:  8,143 CYC:957
CAFC  E0 80     CPX #$80                        A:80 X:80 Y:80 P:A5 SP:FB PPU:  8,149 CYC:959
CAFE  D0 07     BNE $CB07                       A:80 X:80 Y:80 P:27 SP:FB PPU:  8,155 CYC:961
CB00  30 05     BMI $CB07                       A:80 X:80 Y:80 P:27 SP:FB PPU:  8,161 CYC:963
CB02  90 03     BCC $CB07                       A:80 X:80 Y:80 P:27 SP:FB PPU:  8,167 CYC:965
CB04  4C 0B CB  JMP $CB0B                       A:80 X:80 Y:80 P:27 SP:FB PPU:  8,173 CYC:967
CB0B  EA        NOP                             A:80 X:80 Y:80 P:27 SP:FB PPU:  8,182 CYC:970
CB0C  E0 81     CPX #$81                        A:80 X:80 Y:80 P:27 SP:FB PPU:  8,188 CYC:972
CB0E  B0 07     BCS $CB17                       A:80 X:80 Y:80 P:A4 SP:FB PPU:  8,194 CYC:974
CB10  F0 05     BEQ $CB17                       A:80 X:80 Y:80 P:A4 SP:FB PPU:  8,200 CYC:976
CB12  10 03     BPL $CB17                       A:80 X:80 Y:80 P:A4 SP:FB PPU:  8,206 CYC:978
CB14  4C 1B CB  JMP $CB1B                       A:80 X:80 Y:80 P:A4 SP:FB PPU:  8,212 CYC:980
CB1B  EA        NOP                             A:80 X:80 Y:80 P:A4 SP:FB PPU:  8,221 CYC:983
CB1C  E0 7F     CPX #$7F                        A:80 X:80 Y:80 P:A4 SP:FB PPU:  8,227 CYC:985
CB1E  90 07     BCC $CB27                       A:80 X:80 Y:80 P:25 SP:FB PPU:  8,233 CYC:987
CB20  F0 05     BEQ $CB27                       A:80 X:80 Y:80 P:25 SP:FB PPU:  8,239 CYC:989
CB22  30 03     BMI $CB27                       A:80 X:80 Y:80 P:25 SP:FB PPU:  8,245 CYC:991
CB24  4C 2B CB  JMP $CB2B                       A:80 X:80 Y:80 P:25 SP:FB PPU:  8,251 CYC:993
CB2B  EA        NOP                             A:80 X:80 Y:80 P:25 SP:FB PPU:  8,260 CYC:996
CB2C  38        SEC                             A:80 X:80 Y:80 P:25 SP:FB PPU:  8,266 CYC:998
CB2D  B8        CLV                             A:80 X:80 Y:80 P:25 SP:FB PPU:  8,272 CYC:1000
CB2E  A2 9F     LDX #$9F                        A:80 X:80 Y:80 P:25 SP:FB PPU:  8,278 CYC:1002
CB30  F0 09     BEQ $CB3B                       A:80 X:9F Y:80 P:A5 SP:FB PPU:  8,284 CYC:1004
CB32  10 07     BPL $CB3B                       A:80 X:9F Y:80 P:A5 SP:FB PPU:  8,290 CYC:1006
CB34  70 05     BVS $CB3B                       A:80 X:9F Y:80 P:A5 SP:FB PPU:  8,296 CYC:1008
CB36  90 03     BCC $CB3B                       A:80 X:9F Y:80 P:A5 SP:FB PPU:  8,302 CYC:1010
CB38  4C 3F CB  JMP $CB3F                       A:80 X:9F Y:80 P:A5 SP:FB PPU:  8,308 CYC:1012
CB3F  EA        NOP                             A:80 X:9F Y:80 P:A5 SP:FB PPU:  8,317 CYC:1015
CB40  18        CLC                             A:80 X:9F Y:80 P:A5 SP:FB PPU:  8,323 CYC:1017
CB41  24 01     BIT $01 = FF                    A:80 X:9F Y:80 P:A4 SP:FB PPU:  8,329 CYC:1019
CB43  A2 00     LDX #$00                        A:80 X:9F Y:80 P:E4 SP:FB PPU:  8,338 CYC:1022
CB45  D0 09     BNE $CB50                       A:80 X:00 Y:80 P:66 SP:FB PPU:  9,  3 CYC:1024
CB47  30 07     BMI $CB50                       A:80 X:00 Y:80 P:66 SP:FB PPU:  9,  9 CYC:1026
CB49  50 05     BVC $CB50                       A:80 X:00 Y:80 P:66 SP:FB PPU:  9, 15 CYC:1028
CB4B  B0 03     BCS $CB50                       A:80 X:00 Y:80 P:66 SP:FB PPU:  9, 21 CYC:1030
CB4D  4C 54 CB  JMP $CB54                       A:80 X:00 Y:80 P:66 SP:FB PPU:  9, 27 CYC:1032
CB54  EA        NOP                             A:80 X:00 Y:80 P:66 SP:FB PPU:  9, 36 CYC:1035
CB55  38        SEC                             A:80 X:00 Y:80 P:66 SP:FB PPU:  9, 42 CYC:1037
CB56  B8        CLV                             A:80 X:00 Y:80 P:67 SP:FB PPU:  9, 48 CYC:1039
CB57  A0 9F     LDY #$9F                        A:80 X:00 Y:80 P:27 SP:FB PPU:  9, 54 CYC:1041
CB59  F0 09     BEQ $CB64                       A:80 X:00 Y:9F P:A5 SP:FB PPU:  9, 60 CYC:1043
CB5B  10 07     BPL $CB64                       A:80 X:00 Y:9F P:A5 SP:FB PPU:  9, 66 CYC:1045
CB5D  70 05     BVS $CB64                       A:80 X:00 Y:9F P:A5 SP:FB PPU:  9, 72 CYC:1047
CB5F  90 03     BCC $CB64                       A:80 X:00 Y:9F P:A5 SP:FB PPU:  9, 78 CYC:1049
CB61  4C 68 CB  JMP $CB68                       A:80 X:00 Y:9F P:A5 SP:FB PPU:  9, 84 CYC:1051
CB68  EA        NOP                             A:80 X:00 Y:9F P:A5 SP:FB PPU:  9, 93 CYC:1054
CB69  18        CLC                             A:80 X:00 Y:9F P:A5 SP:FB PPU:  9, 99 CYC:1056
CB6A  24 01     BIT $01 = FF                    A:80 X:00 Y:9F P:A4 SP:FB PPU:  9,105 CYC:1058
CB6C  A0 00     LDY #$00                        A:80 X:00 Y:9F P:E4 SP:FB PPU:  9,114 CYC:1061
CB6E  D0 09     BNE $CB79                       A:80 X:00 Y:00 P:66 SP:FB PPU:  9,120 CYC:1063
CB70  30 07     BMI $CB79                       A:80 X:00 Y:00 P:66 SP:FB PPU:  9,126 CYC:1065
CB72  50 05     BVC $CB79                       A:80 X:00 Y:00 P:66 SP:FB PPU:  9,132 CYC:1067
CB74  B0 03     BCS $CB79                       A:80 X:00 Y:00 P:66 SP:FB PPU:  9,138 CYC:1069
CB76  4C 7D CB  JMP $CB7D                       A:80 X:00 Y:00 P:66 SP:FB PPU:  9,144 CYC:1071
CB7D  EA        NOP                             A:80 X:00 Y:00 P:66 SP:FB PPU:  9,153 CYC:1074
CB7E  A9 55     LDA #$55                        A:80 X:00 Y:00 P:66 SP:FB PPU:  9,159 CYC:1076
CB80  A2 AA     LDX #$AA                        A:55 X:00 Y:00 P:64 SP:FB PPU:  9,165 CYC:1078
CB82  A0 33     LDY #$33                        A:55 X:AA Y:00 P:E4 SP:FB PPU:  9,171 CYC:1080
CB84  C9 55     CMP #$55                        A:55 X:AA Y:33 P:64 SP:FB PPU:  9,177 CYC:1082
CB86  D0 23     BNE $CBAB                       A:55 X:AA Y:33 P:67 SP:FB PPU:  9,183 CYC:1084
CB88  E0 AA     CPX #$AA                        A:55 X:AA Y:33 P:67 SP:FB PPU:  9,189 CYC:1086
CB8A  D0 1F     BNE $CBAB                       A:55 X:AA Y:33 P:67 SP:FB PPU:  9,195 CYC:1088
CB8C  C0 33     CPY #$33                        A:55 X:AA Y:33 P:67 SP:FB PPU:  9,201 CYC:1090
CB8E  D0 1B     BNE $CBAB                       A:55 X:AA Y:33 P:67 SP:FB PPU:  9,207 CYC:1092
CB90  C9 55     CMP #$55                        A:55 X:AA Y:33 P:67 SP:FB PPU:  9,213 CYC:1094
CB92  D0 17     BNE $CBAB                       A:55 X:AA Y:33 P:67 SP:FB PPU:  9,219 CYC:1096
CB94  E0 AA     CPX #$AA                        A:55 X:AA Y:33 P:67 SP:FB PPU:  9,225 CYC:1098
CB96  D0 13     BNE $CBAB                       A:55 X:AA Y:33 P:67 SP:FB PPU:  9,231 CYC:1100
CB98  C0 33     CPY #$33                        A:55 X:AA Y:33 P:67 SP:FB PPU:  9,237 CYC:1102
CB9A  D0 0F     BNE $CBAB                       A:55 X:AA Y:33 P:67 SP:FB PPU:  9,243 CYC:1104
CB9C  C9 56     CMP #$56                        A:55 X:AA Y:33 P:67 SP:FB PPU:  9,249 CYC:1106
CB9E  F0 0B     BEQ $CBAB                       A:55 X:AA Y:33 P:E4 SP:FB PPU:  9,255 CYC:1108
CBA0  E0 AB     CPX #$AB                        A:55 X:AA Y:33 P:E4 SP:FB PPU:  9,261 CYC:1110
CBA2  F0 07     BEQ $CBAB                       A:55 X:AA Y:33 P:E4 SP:FB PPU:  9,267 CYC:1112
CBA4  C0 34     CPY #$34                        A:55 X:AA Y:33 P:E4 SP:FB PPU:  9,273 CYC:1114
CBA6  F0 03     BEQ $CBAB                       A:55 X:AA Y:33 P:E4 SP:FB PPU:  9,279 CYC:1116
CBA8  4C AF CB  JMP $CBAF                       A:55 X:AA Y:33 P:E4 SP:FB PPU:  9,285 CYC:1118
CBAF  A0 71     LDY #$71                        A:55 X:AA Y:33 P:E4 SP:FB PPU:  9,294 CYC:1121
CBB1  20 31 F9  JSR $F931                       A:55 X:AA Y:71 P:64 SP:FB PPU:  9,300 CYC:1123
F931  24 01     BIT $01 = FF                    A:55 X:AA Y:71 P:64 SP:F9 PPU:  9,318 CYC:1129
F933  A9 40     LDA #$40                        A:55 X:AA Y:71 P:E4 SP:F9 PPU:  9,327 CYC:1132
F935  38        SEC                             A:40 X:AA Y:71 P:64 SP:F9 PPU:  9,333 CYC:1134
F936  60        RTS                             A:40 X:AA Y:71 P:65 SP:F9 PPU:  9,339 CYC:1136
CBB4  E9 40     SBC #$40                        A:40 X:AA Y:71 P:65 SP:FB PPU: 10, 16 CYC:1142
CBB6  20 37 F9  JSR $F937                       A:00 X:AA Y:71 P:27 SP:FB PPU: 10, 22 CYC:1144
F937  30 0B     BMI $F944                       A:00 X:AA Y:71 P:27 SP:F9 PPU: 10, 40 CYC:1150
F939  90 09     BCC $F944                       A:00 X:AA Y:71 P:27 SP:F9 PPU: 10, 46 CYC:1152
F93B  D0 07     BNE $F944                       A:00 X:AA Y:71 P:27 SP:F9 PPU: 10, 52 CYC:1154
F93D  70 05     BVS $F944                       A:00 X:AA Y:71 P:27 SP:F9 PPU: 10, 58 CYC:1156
F93F  C9 00     CMP #$00                        A:00 X:AA Y:71 P:27 SP:F9 PPU: 10, 64 CYC:1158
F941  D0 01     BNE $F944                       A:00 X:AA Y:71 P:27 SP:F9 PPU: 10, 70 CYC:1160
F943  60        RTS                             A:00 X:AA Y:71 P:27 SP:F9 PPU: 10, 76 CYC:1162
CBB9  C8        INY                             A:00 X:AA Y:71 P:27 SP:FB PPU: 10, 94 CYC:1168
CBBA  20 47 F9  JSR $F947                       A:00 X:AA Y:72 P:25 SP:FB PPU: 10,100 CYC:1170
F947  B8        CLV                             A:00 X:AA Y:72 P:25 SP:F9 PPU: 10,118 CYC:1176
F948  38        SEC                             A:00 X:AA Y:72 P:25 SP:F9 PPU: 10,124 CYC:1178
F949  A9 40     LDA #$40                        A:00 X:AA Y:72 P:25 SP:F9 PPU: 10,130 CYC:1180
F94B  60        RTS                             A:40 X:AA Y:72 P:25 SP:F9 PPU: 10,136 CYC:1182
CBBD  E9 3F     SBC #$3F                        A:40 X:AA Y:72 P:25 SP:FB PPU: 10,154 CYC:1188
CBBF  20 4C F9  JSR $F94C                       A:01 X:AA Y:72 P:25 SP:FB PPU: 10,160 CYC:1190
F94C  F0 0B     BEQ $F959                       A:01 X:AA Y:72 P:25 SP:F9 PPU: 10,178 CYC:1196
F94E  30 09     BMI $F959                       A:01 X:AA Y:72 P:25 SP:F9 PPU: 10,184 CYC:1198
F950  90 07     BCC $F959                       A:01 X:AA Y:72 P:25 SP:F9 PPU: 10,190 CYC:1200
F952  70 05     BVS $F959                       A:01 X:AA Y:72 P:25 SP:F9 PPU: 10,196 CYC:1202
F954  C9 01     CMP #$01                        A:01 X:AA Y:72 P:25 SP:F9 PPU: 10,202 CYC:1204
F956  D0 01     BNE $F959                       A:01 X:AA Y:72 P:27 SP:F9 PPU: 10,208 CYC:1206
F958  60        RTS                             A:01 X:AA Y:72 P:27 SP:F9 PPU: 10,214 CYC:1208
CBC2  C8        INY                             A:01 X:AA Y:72 P:27 SP:FB PPU: 10,232 CYC:1214
CBC3  20 5C F9  JSR $F95C                       A:01 X:AA Y:73 P:25 SP:FB PPU: 10,238 CYC:1216
F95C  A9 40     LDA #$40                        A:01 X:AA Y:73 P:25 SP:F9 PPU: 10,256 CYC:1222
F95E  38        SEC                             A:40 X:AA Y:73 P:25 SP:F9 PPU: 10,262 CYC:1224
F95F  24 01     BIT $01 = FF                    A:40 X:AA Y:73 P:25 SP:F9 PPU: 10,268 CYC:1226
F961  60        RTS                             A:40 X:AA Y:73 P:E5 SP:F9 PPU: 10,277 CYC:1229
CBC6  E9 41     SBC #$41                        A:40 X:AA Y:73 P:E5 SP:FB PPU: 10,295 CYC:1235
CBC8  20 62 F9  JSR $F962                       A:FF X:AA Y:73 P:A4 SP:FB PPU: 10,301 CYC:1237
F962  B0 0B     BCS $F96F                       A:FF X:AA Y:73 P:A4 SP:F9 PPU: 10,319 CYC:1243
F964  F0 09     BEQ $F96F                       A:FF X:AA Y:73 P:A4 SP:F9 PPU: 10,325 CYC:1245
F966  10 07     BPL $F96F                       A:FF X:AA Y:73 P:A4 SP:F9 PPU: 10,331 CYC:1247
F968  70 05     BVS $F96F                       A:FF X:AA Y:73 P:A4 SP:F9 PPU: 10,337 CYC:1249
F96A  C9 FF     CMP #$FF                        A:FF X:AA Y:73 P:A4 SP:F9 PPU: 11,  2 CYC:1251
F96C  D0 01     BNE $F96F                       A:FF X:AA Y:73 P:27 SP:F9 PPU: 11,  8 CYC:1253
F96E  60        RTS                             A:FF X:AA Y:73 P:27 SP:F9 PPU: 11, 14 CYC:1255
CBCB  C8        INY                             A:FF X:AA Y:73 P:27 SP:FB PPU: 11, 32 CYC:1261
CBCC  20 72 F9  JSR $F972                       A:FF X:AA Y:74 P:25 SP:FB PPU: 11, 38 CYC:1263
F972  18        CLC                             A:FF X:AA Y:74 P:25 SP:F9 PPU: 11, 56 CYC:1269
F973  A9 80     LDA #$80                        A:FF X:AA Y:74 P:24 SP:F9 PPU: 11, 62 CYC:1271
F975  60        RTS                             A:80 X:AA Y:74 P:A4 SP:F9 PPU: 11, 68 CYC:1273
CBCF  E9 00     SBC #$00                        A:80 X:AA Y:74 P:A4 SP:FB PPU: 11, 86 CYC:1279
CBD1  20 76 F9  JSR $F976                       A:7F X:AA Y:74 P:65 SP:FB PPU: 11, 92 CYC:1281
F976  90 05     BCC $F97D                       A:7F X:AA Y:74 P:65 SP:F9 PPU: 11,110 CYC:1287
F978  C9 7F     CMP #$7F                        A:7F X:AA Y:74 P:65 SP:F9 PPU: 11,116 CYC:1289
F97A  D0 01     BNE $F97D                       A:7F X:AA Y:74 P:67 SP:F9 PPU: 11,122 CYC:1291
F97C  60        RTS                             A:7F X:AA Y:74 P:67 SP:F9 PPU: 11,128 CYC:1293
CBD4  C8        INY                             A:7F X:AA Y:74 P:67 SP:FB PPU: 11,146 CYC:1299
CBD5  20 80 F9  JSR $F980                       A:7F X:AA Y:75 P:65 SP:FB PPU: 11,152 CYC:1301
F980  38        SEC                             A:7F X:AA Y:75 P:65 SP:F9 PPU: 11,170 CYC:1307
F981  A9 81     LDA #$81                        A:7F X:AA Y:75 P:65 SP:F9 PPU: 11,176 CYC:1309
F983  60        RTS                             A:81 X:AA Y:75 P:E5 SP:F9 PPU: 11,182 CYC:1311
CBD8  E9 7F     SBC #$7F                        A:81 X:AA Y:75 P:E5 SP:FB PPU: 11,200 CYC:1317
CBDA  20 84 F9  JSR $F984                       A:02 X:AA Y:75 P:65 SP:FB PPU: 11,206 CYC:1319
F984  50 07     BVC $F98D                       A:02 X:AA Y:75 P:65 SP:F9 PPU: 11,224 CYC:1325
F986  90 05     BCC $F98D                       A:02 X:AA Y:75 P:65 SP:F9 PPU: 11,230 CYC:1327
F988  C9 02     CMP #$02                        A:02 X:AA Y:75 P:65 SP:F9 PPU: 11,236 CYC:1329
F98A  D0 01     BNE $F98D                       A:02 X:AA Y:75 P:67 SP:F9 PPU: 11,242 CYC:1331
F98C  60        RTS                             A:02 X:AA Y:75 P:67 SP:F9 PPU: 11,248 CYC:1333
CBDD  60        RTS                             A:02 X:AA Y:75 P:67 SP:FB PPU: 11,266 CYC:1339
C606  20 DE CB  JSR $CBDE                       A:02 X:AA Y:75 P:67 SP:FD PPU: 11,284 CYC:1345
CBDE  EA        NOP                             A:02 X:AA Y:75 P:67 SP:FB PPU: 11,302 CYC:1351
CBDF  A9 FF     LDA #$FF                        A:02 X:AA Y:75 P:67 SP:FB PPU: 11,308 CYC:1353
CBE1  85 01     STA $01 = FF                    A:FF X:AA Y:75 P:E5 SP:FB PPU: 11,314 CYC:1355
CBE3  A9 44     LDA #$44                        A:FF X:AA Y:75 P:E5 SP:FB PPU: 11,323 CYC:1358
CBE5  A2 55     LDX #$55                        A:44 X:AA Y:75 P:65 SP:FB PPU: 11,329 CYC:1360
CBE7  A0 66     LDY #$66                        A:44 X:55 Y:75 P:65 SP:FB PPU: 11,335 CYC:1362
CBE9  E8        INX                             A:44 X:55 Y:66 P:65 SP:FB PPU: 12,  0 CYC:1364
CBEA  88        DEY                             A:44 X:56 Y:66 P:65 SP:FB PPU: 12,  6 CYC:1366
CBEB  E0 56     CPX #$56                        A:44 X:56 Y:65 P:65 SP:FB PPU: 12, 12 CYC:1368
CBED  D0 21     BNE $CC10                       A:44 X:56 Y:65 P:67 SP:FB PPU: 12, 18 CYC:1370
CBEF  C0 65     CPY #$65                        A:44 X:56 Y:65 P:67 SP:FB PPU: 12, 24 CYC:1372
CBF1  D0 1D     BNE $CC10                       A:44 X:56 Y:65 P:67 SP:FB PPU: 12, 30 CYC:1374
CBF3  E8        INX                             A:44 X:56 Y:65 P:67 SP:FB PPU: 12, 36 CYC:1376
CBF4  E8        INX                             A:44 X:57 Y:65 P:65 SP:FB PPU: 12, 42 CYC:1378
CBF5  88        DEY                             A:44 X:58 Y:65 P:65 SP:FB PPU: 12, 48 CYC:1380
CBF6  88        DEY                             A:44 X:58 Y:64 P:65 SP:FB PPU: 12, 54 CYC:1382
CBF7  E0 58     CPX #$58                        A:44 X:58 Y:63 P:65 SP:FB PPU: 12, 60 CYC:1384
CBF9  D0 15     BNE $CC10                       A:44 X:58 Y:63 P:67 SP:FB PPU: 12, 66 CYC:1386
CBFB  C0 63     CPY #$63                        A:44 X:58 Y:63 P:67 SP:FB PPU: 12, 72 CYC:1388
CBFD  D0 11     BNE $CC10                       A:44 X:58 Y:63 P:67 SP:FB PPU: 12, 78 CYC:1390
CBFF  CA        DEX                             A:44 X:58 Y:63 P:67 SP:FB PPU: 12, 84 CYC:1392
CC00  C8        INY                             A:44 X:57 Y:63 P:65 SP:FB PPU: 12, 90 CYC:1394
CC01  E0 57     CPX #$57                        A:44 X:57 Y:64 P:65 SP:FB PPU: 12, 96 CYC:1396
CC03  D0 0B     BNE $CC10                       A:44 X:57 Y:64 P:67 SP:FB PPU: 12,102 CYC:1398
CC05  C0 64     CPY #$64                        A:44 X:57 Y:64 P:67 SP:FB PPU: 12,108 CYC:1400
CC07  D0 07     BNE $CC10                       A:44 X:57 Y:64 P:67 SP:FB PPU: 12,114 CYC:1402
CC09  C9 44     CMP #$44                        A:44 X:57 Y:64 P:67 SP:FB PPU: 12,120 CYC:1404
CC0B  D0 03     BNE $CC10                       A:44 X:57 Y:64 P:67 SP:FB PPU: 12,126 CYC:1406
CC0D  4C 14 CC  JMP $CC14                       A:44 X:57 Y:64 P:67 SP:FB PPU: 12,132 CYC:1408
CC14  EA        NOP                             A:44 X:57 Y:64 P:67 SP:FB PPU: 12,141 CYC:1411
CC15  38        SEC                             A:44 X:57 Y:64 P:67 SP:FB PPU: 12,147 CYC:1413
CC16  A2 69     LDX #$69                        A:44 X:57 Y:64 P:67 SP:FB PPU: 12,153 CYC:1415
CC18  A9 96     LDA #$96                        A:44 X:69 Y:64 P:65 SP:FB PPU: 12,159 CYC:1417
CC1A  24 01     BIT $01 = FF                    A:96 X:69 Y:64 P:E5 SP:FB PPU: 12,165 CYC:1419
CC1C  A0 FF     LDY #$FF                        A:96 X:69 Y:64 P:E5 SP:FB PPU: 12,174 CYC:1422
CC1E  C8        INY                             A:96 X:69 Y:FF P:E5 SP:FB PPU: 12,180 CYC:1424
CC1F  D0 3D     BNE $CC5E                       A:96 X:69 Y:00 P:67 SP:FB PPU: 12,186 CYC:1426
CC21  30 3B     BMI $CC5E                       A:96 X:69 Y:00 P:67 SP:FB PPU: 12,192 CYC:1428
CC23  90 39     BCC $CC5E                       A:96 X:69 Y:00 P:67 SP:FB PPU: 12,198 CYC:1430
CC25  50 37     BVC $CC5E                       A:96 X:69 Y:00 P:67 SP:FB PPU: 12,204 CYC:1432
CC27  C0 00     CPY #$00                        A:96 X:69 Y:00 P:67 SP:FB PPU: 12,210 CYC:1434
CC29  D0 33     BNE $CC5E                       A:96 X:69 Y:00 P:67 SP:FB PPU: 12,216 CYC:1436
CC2B  C8        INY                             A:96 X:69 Y:00 P:67 SP:FB PPU: 12,222 CYC:1438
CC2C  F0 30     BEQ $CC5E                       A:96 X:69 Y:01 P:65 SP:FB PPU: 12,228 CYC:1440
CC2E  30 2E     BMI $CC5E                       A:96 X:69 Y:01 P:65 SP:FB PPU: 12,234 CYC:1442
CC30  90 2C     BCC $CC5E                       A:96 X:69 Y:01 P:65 SP:FB PPU: 12,240 CYC:1444
CC32  50 2A     BVC $CC5E                       A:96 X:69 Y:01 P:65 SP:FB PPU: 12,246 CYC:1446
CC34  18        CLC                             A:96 X:69 Y:01 P:65 SP:FB PPU: 12,252 CYC:1448
CC35  B8        CLV                             A:96 X:69 Y:01 P:64 SP:FB PPU: 12,258 CYC:1450
CC36  A0 00     LDY #$00                        A:96 X:69 Y:01 P:24 SP:FB PPU: 12,264 CYC:1452
CC38  88        DEY                             A:96 X:69 Y:00 P:26 SP:FB PPU: 12,270 CYC:1454
CC39  F0 23     BEQ $CC5E                       A:96 X:69 Y:FF P:A4 SP:FB PPU: 12,276 CYC:1456
CC3B  10 21     BPL $CC5E                       A:96 X:69 Y:FF P:A4 SP:FB PPU: 12,282 CYC:1458
CC3D  B0 1F     BCS $CC5E                       A:96 X:69 Y:FF P:A4 SP:FB PPU: 12,288 CYC:1460
CC3F  70 1D     BVS $CC5E                       A:96 X:69 Y:FF P:A4 SP:FB PPU: 12,294 CYC:1462
CC41  C0 FF     CPY #$FF                        A:96 X:69 Y:FF P:A4 SP:FB PPU: 12,300 CYC:1464
CC43  D0 19     BNE $CC5E                       A:96 X:69 Y:FF P:27 SP:FB PPU: 12,306 CYC:1466
CC45  18        CLC                             A:96 X:69 Y:FF P:27 SP:FB PPU: 12,312 CYC:1468
CC46  88        DEY                             A:96 X:69 Y:FF P:26 SP:FB PPU: 12,318 CYC:1470
CC47  F0 15     BEQ $CC5E                       A:96 X:69 Y:FE P:A4 SP:FB PPU: 12,324 CYC:1472
CC49  10 13     BPL $CC5E                       A:96 X:69 Y:FE P:A4 SP:FB PPU: 12,330 CYC:1474
CC4B  B0 11     BCS $CC5E                       A:96 X:69 Y:FE P:A4 SP:FB PPU: 12,336 CYC:1476
CC4D  70 0F     BVS $CC5E                       A:96 X:69 Y:FE P:A4 SP:FB PPU: 13,  1 CYC:1478
CC4F  C0 FE     CPY #$FE                        A:96 X:69 Y:FE P:A4 SP:FB PPU: 13,  7 CYC:1480
CC51  D0 0B     BNE $CC5E                       A:96 X:69 Y:FE P:27 SP:FB PPU: 13, 13 CYC:1482
CC53  C9 96     CMP #$96                        A:96 X:69 Y:FE P:27 SP:FB PPU: 13, 19 CYC:1484
CC55  D0 07     BNE $CC5E                       A:96 X:69 Y:FE P:27 SP:FB PPU: 13, 25 CYC:1486
CC57  E0 69     CPX #$69                        A:96 X:69 Y:FE P:27 SP:FB PPU: 13, 31 CYC:1488
CC59  D0 03     BNE $CC5E                       A:96 X:69 Y:FE P:27 SP:FB PPU: 13, 37 CYC:1490
CC5B  4C 62 CC  JMP $CC62                       A:96 X:69 Y:FE P:27 SP:FB PPU: 13, 43 CYC:1492
CC62  EA        NOP                             A:96 X:69 Y:FE P:27 SP:FB PPU: 13, 52 CYC:1495
CC63  38        SEC                             A:96 X:69 Y:FE P:27 SP:FB PPU: 13, 58 CYC:1497
CC64  A0 69     LDY #$69                        A:96 X:69 Y:FE P:27 SP:FB PPU: 13, 64 CYC:1499
CC66  A9 96     LDA #$96                        A:96 X:69 Y:69 P:25 SP:FB PPU: 13, 70 CYC:1501
CC68  24 01     BIT $01 = FF                    A:96 X:69 Y:69 P:A5 SP:FB PPU: 13, 76 CYC:1503
CC6A  A2 FF     LDX #$FF                        A:96 X:69 Y:69 P:E5 SP:FB PPU: 13, 85 CYC:1506
CC6C  E8        INX                             A:96 X:FF Y:69 P:E5 SP:FB PPU: 13, 91 CYC:1508
CC6D  D0 3D     BNE $CCAC                       A:96 X:00 Y:69 P:67 SP:FB PPU: 13, 97 CYC:1510
CC6F  30 3B     BMI $CCAC                       A:96 X:00 Y:69 P:67 SP:FB PPU: 13,103 CYC:1512
CC71  90 39     BCC $CCAC                       A:96 X:00 Y:69 P:67 SP:FB PPU: 13,109 CYC:1514
CC73  50 37     BVC $CCAC                       A:96 X:00 Y:69 P:67 SP:FB PPU: 13,115 CYC:1516
CC75  E0 00     CPX #$00                        A:96 X:00 Y:69 P:67 SP:FB PPU: 13,121 CYC:1518
CC77  D0 33     BNE $CCAC                       A:96 X:00 Y:69 P:67 SP:FB PPU: 13,127 CYC:1520
CC79  E8        INX                             A:96 X:00 Y:69 P:67 SP:FB PPU: 13,133 CYC:1522
CC7A  F0 30     BEQ $CCAC                       A:96 X:01 Y:69 P:65 SP:FB PPU: 13,139 CYC:1524
CC7C  30 2E     BMI $CCAC                       A:96 X:01 Y:69 P:65 SP:FB PPU: 13,145 CYC:1526
CC7E  90 2C     BCC $CCAC                       A:96 X:01 Y:69 P:65 SP:FB PPU: 13,151 CYC:1528
CC80  50 2A     BVC $CCAC                       A:96 X:01 Y:69 P:65 SP:FB PPU: 13,157 CYC:1530
CC82  18        CLC                             A:96 X:01 Y:69 P:65 SP:FB PPU: 13,163 CYC:1532
CC83  B8        CLV                             A:96 X:01 Y:69 P:64 SP:FB PPU: 13,169 CYC:1534
CC84  A2 00     LDX #$00                        A:96 X:01 Y:69 P:24 SP:FB PPU: 13,175 CYC:1536
CC86  CA        DEX                             A:96 X:00 Y:69 P:26 SP:FB PPU: 13,181 CYC:1538
CC87  F0 23     BEQ $CCAC                       A:96 X:FF Y:69 P:A4 SP:FB PPU: 13,187 CYC:1540
CC89  10 21     BPL $CCAC                       A:96 X:FF Y:69 P:A4 SP:FB PPU: 13,193 CYC:1542
CC8B  B0 1F     BCS $CCAC                       A:96 X:FF Y:69 P:A4 SP:FB PPU: 13,199 CYC:1544
CC8D  70 1D     BVS $CCAC                       A:96 X:FF Y:69 P:A4 SP:FB PPU: 13,205 CYC:1546
CC8F  E0 FF     CPX #$FF                        A:96 X:FF Y:69 P:A4 SP:FB PPU: 13,211 CYC:1548
CC91  D0 19     BNE $CCAC                       A:96 X:FF Y:69 P:27 SP:FB PPU: 13,217 CYC:1550
CC93  18        CLC                             A:96 X:FF Y:69 P:27 SP:FB PPU: 13,223 CYC:1552
CC94  CA        DEX                             A:96 X:FF Y:69 P:26 SP:FB PPU: 13,229 CYC:1554
CC95  F0 15     BEQ $CCAC                       A:96 X:FE Y:69 P:A4 SP:FB PPU: 13,235 CYC:1556
CC97  10 13     BPL $CCAC                       A:96 X:FE Y:69 P:A4 SP:FB PPU: 13,241 CYC:1558
CC99  B0 11     BCS $CCAC                       A:96 X:FE Y:69 P:A4 SP:FB PPU: 13,247 CYC:1560
CC9B  70 0F     BVS $CCAC                       A:96 X:FE Y:69 P:A4 SP:FB PPU: 13,253 CYC:1562
CC9D  E0 FE     CPX #$FE                        A:96 X:FE Y:69 P:A4 SP:FB PPU: 13,259 CYC:1564
CC9F  D0 0B     BNE $CCAC                       A:96 X:FE Y:69 P:27 SP:FB PPU: 13,265 CYC:1566
CCA1  C9 96     CMP #$96                        A:96 X:FE Y:69 P:27 SP:FB PPU: 13,271 CYC:1568
CCA3  D0 07     BNE $CCAC                       A:96 X:FE Y:69 P:27 SP:FB PPU: 13,277 CYC:1570
CCA5  C0 69     CPY #$69                        A:96 X:FE Y:69 P:27 SP:FB PPU: 13,283 CYC:1572
CCA7  D0 03     BNE $CCAC                       A:96 X:FE Y:69 P:27 SP:FB PPU: 13,289 CYC:1574
CCA9  4C B0 CC  JMP $CCB0                       A:96 X:FE Y:69 P:27 SP:FB PPU: 13,295 CYC:1576
CCB0  EA        NOP                             A:96 X:FE Y:69 P:27 SP:FB PPU: 13,304 CYC:1579
CCB1  A9 85     LDA #$85                        A:96 X:FE Y:69 P:27 SP:FB PPU: 13,310 CYC:1581
CCB3  A2 34     LDX #$34                        A:85 X:FE Y:69 P:A5 SP:FB PPU: 13,316 CYC:1583
CCB5  A0 99     LDY #$99                        A:85 X:34 Y:69 P:25 SP:FB PPU: 13,322 CYC:1585
CCB7  18        CLC                             A:85 X:34 Y:99 P:A5 SP:FB PPU: 13,328 CYC:1587
CCB8  24 01     BIT $01 = FF                    A:85 X:34 Y:99 P:A4 SP:FB PPU: 13,334 CYC:1589
CCBA  A8        TAY                             A:85 X:34 Y:99 P:E4 SP:FB PPU: 14,  2 CYC:1592
CCBB  F0 2E     BEQ $CCEB                       A:85 X:34 Y:85 P:E4 SP:FB PPU: 14,  8 CYC:1594
CCBD  B0 2C     BCS $CCEB                       A:85 X:34 Y:85 P:E4 SP:FB PPU: 14, 14 CYC:1596
CCBF  50 2A     BVC $CCEB                       A:85 X:34 Y:85 P:E4 SP:FB PPU: 14, 20 CYC:1598
CCC1  10 28     BPL $CCEB                       A:85 X:34 Y:85 P:E4 SP:FB PPU: 14, 26 CYC:1600
CCC3  C9 85     CMP #$85                        A:85 X:34 Y:85 P:E4 SP:FB PPU: 14, 32 CYC:1602
CCC5  D0 24     BNE $CCEB                       A:85 X:34 Y:85 P:67 SP:FB PPU: 14, 38 CYC:1604
CCC7  E0 34     CPX #$34                        A:85 X:34 Y:85 P:67 SP:FB PPU: 14, 44 CYC:1606
CCC9  D0 20     BNE $CCEB                       A:85 X:34 Y:85 P:67 SP:FB PPU: 14, 50 CYC:1608
CCCB  C0 85     CPY #$85                        A:85 X:34 Y:85 P:67 SP:FB PPU: 14, 56 CYC:1610
CCCD  D0 1C     BNE $CCEB                       A:85 X:34 Y:85 P:67 SP:FB PPU: 14, 62 CYC:1612
CCCF  A9 00     LDA #$00                        A:85 X:34 Y:85 P:67 SP:FB PPU: 14, 68 CYC:1614
CCD1  38        SEC                             A:00 X:34 Y:85 P:67 SP:FB PPU: 14, 74 CYC:1616
CCD2  B8        CLV                             A:00 X:34 Y:85 P:67 SP:FB PPU: 14, 80 CYC:1618
CCD3  A8        TAY                             A:00 X:34 Y:85 P:27 SP:FB PPU: 14, 86 CYC:1620
CCD4  D0 15     BNE $CCEB                       A:00 X:34 Y:00 P:27 SP:FB PPU: 14, 92 CYC:1622
CCD6  90 13     BCC $CCEB                       A:00 X:34 Y:00 P:27 SP:FB PPU: 14, 98 CYC:1624
CCD8  70 11     BVS $CCEB                       A:00 X:34 Y:00 P:27 SP:FB PPU: 14,104 CYC:1626
CCDA  30 0F     BMI $CCEB                       A:00 X:34 Y:00 P:27 SP:FB PPU: 14,110 CYC:1628
CCDC  C9 00     CMP #$00                        A:00 X:34 Y:00 P:27 SP:FB PPU: 14,116 CYC:1630
CCDE  D0 0B     BNE $CCEB                       A:00 X:34 Y:00 P:27 SP:FB PPU: 14,122 CYC:1632
CCE0  E0 34     CPX #$34                        A:00 X:34 Y:00 P:27 SP:FB PPU: 14,128 CYC:1634
CCE2  D0 07     BNE $CCEB                       A:00 X:34 Y:00 P:27 SP:FB PPU: 14,134 CYC:1636
CCE4  C0 00     CPY #$00                        A:00 X:34 Y:00 P:27 SP:FB PPU: 14,140 CYC:1638
CCE6  D0 03     BNE $CCEB                       A:00 X:34 Y:00 P:27 SP:FB PPU: 14,146 CYC:1640
CCE8  4C EF CC  JMP $CCEF                       A:00 X:34 Y:00 P:27 SP:FB PPU: 14,152 CYC:1642
CCEF  EA        NOP                             A:00 X:34 Y:00 P:27 SP:FB PPU: 14,161 CYC:1645
CCF0  A9 85     LDA #$85                        A:00 X:34 Y:00 P:27 SP:FB PPU: 14,167 CYC:1647
CCF2  A2 34     LDX #$34                        A:85 X:34 Y:00 P:A5 SP:FB PPU: 14,173 CYC:1649
CCF4  A0 99     LDY #$99                        A:85 X:34 Y:00 P:25 SP:FB PPU: 14,179 CYC:1651
CCF6  18        CLC                             A:85 X:34 Y:99 P:A5 SP:FB PPU: 14,185 CYC:1653
CCF7  24 01     BIT $01 = FF                    A:85 X:34 Y:99 P:A4 SP:FB PPU: 14,191 CYC:1655
CCF9  AA        TAX                             A:85 X:34 Y:99 P:E4 SP:FB PPU: 14,200 CYC:1658
CCFA  F0 2E     BEQ $CD2A                       A:85 X:85 Y:99 P:E4 SP:FB PPU: 14,206 CYC:1660
CCFC  B0 2C     BCS $CD2A                       A:85 X:85 Y:99 P:E4 SP:FB PPU: 14,212 CYC:1662
CCFE  50 2A     BVC $CD2A                       A:85 X:85 Y:99 P:E4 SP:FB PPU: 14,218 CYC:1664
CD00  10 28     BPL $CD2A                       A:85 X:85 Y:99 P:E4 SP:FB PPU: 14,224 CYC:1666
CD02  C9 85     CMP #$85                        A:85 X:85 Y:99 P:E4 SP:FB PPU: 14,230 CYC:1668
CD04  D0 24     BNE $CD2A                       A:85 X:85 Y:99 P:67 SP:FB PPU: 14,236 CYC:1670
CD06  E0 85     CPX #$85                        A:85 X:85 Y:99 P:67 SP:FB PPU: 14,242 CYC:1672
CD08  D0 20     BNE $CD2A                       A:85 X:85 Y:99 P:67 SP:FB PPU: 14,248 CYC:1674
CD0A  C0 99     CPY #$99                        A:85 X:85 Y:99 P:67 SP:FB PPU: 14,254 CYC:1676
CD0C  D0 1C     BNE $CD2A                       A:85 X:85 Y:99 P:67 SP:FB PPU: 14,260 CYC:1678
CD0E  A9 00     LDA #$00                        A:85 X:85 Y:99 P:67 SP:FB PPU: 14,266 CYC:1680
CD10  38        SEC                             A:00 X:85 Y:99 P:67 SP:FB PPU: 14,272 CYC:1682
CD11  B8        CLV                             A:00 X:85 Y:99 P:67 SP:FB PPU: 14,278 CYC:1684
CD12  AA        TAX                             A:00 X:85 Y:99 P:27 SP:FB PPU: 14,284 CYC:1686
CD13  D0 15     BNE $CD2A                       A:00 X:00 Y:99 P:27 SP:FB PPU: 14,290 CYC:1688
CD15  90 13     BCC $CD2A                       A:00 X:00 Y:99 P:27 SP:FB PPU: 14,296 CYC:1690
CD17  70 11     BVS $CD2A                       A:00 X:00 Y:99 P:27 SP:FB PPU: 14,302 CYC:1692
CD19  30 0F     BMI $CD2A                       A:00 X:00 Y:99 P:27 SP:FB PPU: 14,308 CYC:1694
CD1B  C9 00     CMP #$00                        A:00 X:00 Y:99 P:27 SP:FB PPU: 14,314 CYC:1696
CD1D  D0 0B     BNE $CD2A                       A:00 X:00 Y:99 P:27 SP:FB PPU: 14,320 CYC:1698
CD1F  E0 00     CPX #$00                        A:00 X:00 Y:99 P:27 SP:FB PPU: 14,326 CYC:1700
CD21  D0 07     BNE $CD2A                       A:00 X:00 Y:99 P:27 SP:FB PPU: 14,332 CYC:1702
CD23  C0 99     CPY #$99                        A:00 X:00 Y:99 P:27 SP:FB PPU: 14,338 CYC:1704
CD25  D0 03     BNE $CD2A                       A:00 X:00 Y:99 P:27 SP:FB PPU: 15,  3 CYC:1706
CD27  4C 2E CD  JMP $CD2E                       A:00 X:00 Y:99 P:27 SP:FB PPU: 15,  9 CYC:1708
CD2E  EA        NOP                             A:00 X:00 Y:99 P:27 SP:FB PPU: 15, 18 CYC:1711
CD2F  A9 85     LDA #$85                        A:00 X:00 Y:99 P:27 SP:FB PPU: 15, 24 CYC:1713
CD31  A2 34     LDX #$34                        A:85 X:00 Y:99 P:A5 SP:FB PPU: 15, 30 CYC:1715
CD33  A0 99     LDY #$99                        A:85 X:34 Y:99 P:25 SP:FB PPU: 15, 36 CYC:1717
CD35  18        CLC                             A:85 X:34 Y:99 P:A5 SP:FB PPU: 15, 42 CYC:1719
CD36  24 01     BIT $01 = FF                    A:85 X:34 Y:99 P:A4 SP:FB PPU: 15, 48 CYC:1721
CD38  98        TYA                             A:85 X:34 Y:99 P:E4 SP:FB PPU: 15, 57 CYC:1724
CD39  F0 2E     BEQ $CD69                       A:99 X:34 Y:99 P:E4 SP:FB PPU: 15, 63 CYC:1726
CD3B  B0 2C     BCS $CD69                       A:99 X:34 Y:99 P:E4 SP:FB PPU: 15, 69 CYC:1728
CD3D  50 2A     BVC $CD69                       A:99 X:34 Y:99 P:E4 SP:FB PPU: 15, 75 CYC:1730
CD3F  10 28     BPL $CD69                       A:99 X:34 Y:99 P:E4 SP:FB PPU: 15, 81 CYC:1732
CD41  C9 99     CMP #$99                        A:99 X:34 Y:99 P:E4 SP:FB PPU: 15, 87 CYC:1734
CD43  D0 24     BNE $CD69                       A:99 X:34 Y:99 P:67 SP:FB PPU: 15, 93 CYC:1736
CD45  E0 34     CPX #$34                        A:99 X:34 Y:99 P:67 SP:FB PPU: 15, 99 CYC:1738
CD47  D0 20     BNE $CD69                       A:99 X:34 Y:99 P:67 SP:FB PPU: 15,105 CYC:1740
CD49  C0 99     CPY #$99                        A:99 X:34 Y:99 P:67 SP:FB PPU: 15,111 CYC:1742
CD4B  D0 1C     BNE $CD69                       A:99 X:34 Y:99 P:67 SP:FB PPU: 15,117 CYC:1744
CD4D  A0 00     LDY #$00                        A:99 X:34 Y:99 P:67 SP:FB PPU: 15,123 CYC:1746
CD4F  38        SEC                             A:99 X:34 Y:00 P:67 SP:FB PPU: 15,129 CYC:1748
CD50  B8        CLV                             A:99 X:34 Y:00 P:67 SP:FB PPU: 15,135 CYC:1750
CD51  98        TYA                             A:99 X:34 Y:00 P:27 SP:FB PPU: 15,141 CYC:1752
CD52  D0 15     BNE $CD69                       A:00 X:34 Y:00 P:27 SP:FB PPU: 15,147 CYC:1754
CD54  90 13     BCC $CD69                       A:00 X:34 Y:00 P:27 SP:FB PPU: 15,153 CYC:1756
CD56  70 11     BVS $CD69                       A:00 X:34 Y:00 P:27 SP:FB PPU: 15,159 CYC:1758
CD58  30 0F     BMI $CD69                       A:00 X:34 Y:00 P:27 SP:FB PPU: 15,165 CYC:1760
CD5A  C9 00     CMP #$00                        A:00 X:34 Y:00 P:27 SP:FB PPU: 15,171 CYC:1762
CD5C  D0 0B     BNE $CD69                       A:00 X:34 Y:00 P:27 SP:FB PPU: 15,177 CYC:1764
CD5E  E0 34     CPX #$34                        A:00 X:34 Y:00 P:27 SP:FB PPU: 15,183 CYC:1766
CD60  D0 07     BNE $CD69                       A:00 X:34 Y:00 P:27 SP:FB PPU: 15,189 CYC:1768
CD62  C0 00     CPY #$00                        A:00 X:34 Y:00 P:27 SP:FB PPU: 15,195 CYC:1770
CD64  D0 03     BNE $CD69                       A:00 X:34 Y:00 P:27 SP:FB PPU: 15,201 CYC:1772
CD66  4C 6D CD  JMP $CD6D                       A:00 X:34 Y:00 P:27 SP:FB PPU: 15,207 CYC:1774
CD6D  EA        NOP                             A:00 X:34 Y:00 P:27 SP:FB PPU: 15,216 CYC:1777
CD6E  A9 85     LDA #$85                        A:00 X:34 Y:00 P:27 SP:FB PPU: 15,222 CYC:1779
CD70  A2 34     LDX #$34                        A:85 X:34 Y:00 P:A5 SP:FB PPU: 15,228 CYC:1781
CD72  A0 99     LDY #$99                        A:85 X:34 Y:00 P:25 SP:FB PPU: 15,234 CYC:1783
CD74  18        CLC                             A:85 X:34 Y:99 P:A5 SP:FB PPU: 15,240 CYC:1785
CD75  24 01     BIT $01 = FF                    A:85 X:34 Y:99 P:A4 SP:FB PPU: 15,246 CYC:1787
CD77  8A        TXA                             A:85 X:34 Y:99 P:E4 SP:FB PPU: 15,255 CYC:1790
CD78  F0 2E     BEQ $CDA8                       A:34 X:34 Y:99 P:64 SP:FB PPU: 15,261 CYC:1792
CD7A  B0 2C     BCS $CDA8                       A:34 X:34 Y:99 P:64 SP:FB PPU: 15,267 CYC:1794
CD7C  50 2A     BVC $CDA8                       A:34 X:34 Y:99 P:64 SP:FB PPU: 15,273 CYC:1796
CD7E  30 28     BMI $CDA8                       A:34 X:34 Y:99 P:64 SP:FB PPU: 15,279 CYC:1798
CD80  C9 34     CMP #$34                        A:34 X:34 Y:99 P:64 SP:FB PPU: 15,285 CYC:1800
CD82  D0 24     BNE $CDA8                       A:34 X:34 Y:99 P:67 SP:FB PPU: 15,291 CYC:1802
CD84  E0 34     CPX #$34                        A:34 X:34 Y:99 P:67 SP:FB PPU: 15,297 CYC:1804
CD86  D0 20     BNE $CDA8                       A:34 X:34 Y:99 P:67 SP:FB PPU: 15,303 CYC:1806
CD88  C0 99     CPY #$99                        A:34 X:34 Y:99 P:67 SP:FB PPU: 15,309 CYC:1808
CD8A  D0 1C     BNE $CDA8                       A:34 X:34 Y:99 P:67 SP:FB PPU: 15,315 CYC:1810
CD8C  A2 00     LDX #$00                        A:34 X:34 Y:99 P:67 SP:FB PPU: 15,321 CYC:1812
CD8E  38        SEC                             A:34 X:00 Y:99 P:67 SP:FB PPU: 15,327 CYC:1814
CD8F  B8        CLV                             A:34 X:00 Y:99 P:67 SP:FB PPU: 15,333 CYC:1816
CD90  8A        TXA                             A:34 X:00 Y:99 P:27 SP:FB PPU: 15,339 CYC:1818
CD91  D0 15     BNE $CDA8                       A:00 X:00 Y:99 P:27 SP:FB PPU: 16,  4 CYC:1820
CD93  90 13     BCC $CDA8                       A:00 X:00 Y:99 P:27 SP:FB PPU: 16, 10 CYC:1822
CD95  70 11     BVS $CDA8                       A:00 X:00 Y:99 P:27 SP:FB PPU: 16, 16 CYC:1824
CD97  30 0F     BMI $CDA8                       A:00 X:00 Y:99 P:27 SP:FB PPU: 16, 22 CYC:1826
CD99  C9 00     CMP #$00                        A:00 X:00 Y:99 P:27 SP:FB PPU: 16, 28 CYC:1828
CD9B  D0 0B     BNE $CDA8                       A:00 X:00 Y:99 P:27 SP:FB PPU: 16, 34 CYC:1830
CD9D  E0 00     CPX #$00                        A:00 X:00 Y:99 P:27 SP:FB PPU: 16, 40 CYC:1832
CD9F  D0 07     BNE $CDA8                       A:00 X:00 Y:99 P:27 SP:FB PPU: 16, 46 CYC:1834
CDA1  C0 99     CPY #$99                        A:00 X:00 Y:99 P:27 SP:FB PPU: 16, 52 CYC:1836
CDA3  D0 03     BNE $CDA8                       A:00 X:00 Y:99 P:27 SP:FB PPU: 16, 58 CYC:1838
CDA5  4C AC CD  JMP $CDAC                       A:00 X:00 Y:99 P:27 SP:FB PPU: 16, 64 CYC:1840
CDAC  EA        NOP                             A:00 X:00 Y:99 P:27 SP:FB PPU: 16, 73 CYC:1843
CDAD  BA        TSX                             A:00 X:00 Y:99 P:27 SP:FB PPU: 16, 79 CYC:1845
CDAE  8E FF 07  STX $07FF = 00                  A:00 X:FB Y:99 P:A5 SP:FB PPU: 16, 85 CYC:1847
CDB1  A0 33     LDY #$33                        A:00 X:FB Y:99 P:A5 SP:FB PPU: 16, 97 CYC:1851
CDB3  A2 69     LDX #$69                        A:00 X:FB Y:33 P:25 SP:FB PPU: 16,103 CYC:1853
CDB5  A9 84     LDA #$84                        A:00 X:69 Y:33 P:25 SP:FB PPU: 16,109 CYC:1855
CDB7  18        CLC                             A:84 X:69 Y:33 P:A5 SP:FB PPU: 16,115 CYC:1857
CDB8  24 01     BIT $01 = FF                    A:84 X:69 Y:33 P:A4 SP:FB PPU: 16,121 CYC:1859
CDBA  9A        TXS                             A:84 X:69 Y:33 P:E4 SP:FB PPU: 16,130 CYC:1862
CDBB  F0 32     BEQ $CDEF                       A:84 X:69 Y:33 P:E4 SP:69 PPU: 16,136 CYC:1864
CDBD  10 30     BPL $CDEF                       A:84 X:69 Y:33 P:E4 SP:69 PPU: 16,142 CYC:1866
CDBF  B0 2E     BCS $CDEF                       A:84 X:69 Y:33 P:E4 SP:69 PPU: 16,148 CYC:1868
CDC1  50 2C     BVC $CDEF                       A:84 X:69 Y:33 P:E4 SP:69 PPU: 16,154 CYC:1870
CDC3  C9 84     CMP #$84                        A:84 X:69 Y:33 P:E4 SP:69 PPU: 16,160 CYC:1872
CDC5  D0 28     BNE $CDEF                       A:84 X:69 Y:33 P:67 SP:69 PPU: 16,166 CYC:1874
CDC7  E0 69     CPX #$69                        A:84 X:69 Y:33 P:67 SP:69 PPU: 16,172 CYC:1876
CDC9  D0 24     BNE $CDEF                       A:84 X:69 Y:33 P:67 SP:69 PPU: 16,178 CYC:1878
CDCB  C0 33     CPY #$33                        A:84 X:69 Y:33 P:67 SP:69 PPU: 16,184 CYC:1880
CDCD  D0 20     BNE $CDEF                       A:84 X:69 Y:33 P:67 SP:69 PPU: 16,190 CYC:1882
CDCF  A0 01     LDY #$01                        A:84 X:69 Y:33 P:67 SP:69 PPU: 16,196 CYC:1884
CDD1  A9 04     LDA #$04                        A:84 X:69 Y:01 P:65 SP:69 PPU: 16,202 CYC:1886
CDD3  38        SEC                             A:04 X:69 Y:01 P:65 SP:69 PPU: 16,208 CYC:1888
CDD4  B8        CLV                             A:04 X:69 Y:01 P:65 SP:69 PPU: 16,214 CYC:1890
CDD5  A2 00     LDX #$00                        A:04 X:69 Y:01 P:25 SP:69 PPU: 16,220 CYC:1892
CDD7  BA        TSX                             A:04 X:00 Y:01 P:27 SP:69 PPU: 16,226 CYC:1894
CDD8  F0 15     BEQ $CDEF                       A:04 X:69 Y:01 P:25 SP:69 PPU: 16,232 CYC:1896
CDDA  30 13     BMI $CDEF                       A:04 X:69 Y:01 P:25 SP:69 PPU: 16,238 CYC:1898
CDDC  90 11     BCC $CDEF                       A:04 X:69 Y:01 P:25 SP:69 PPU: 16,244 CYC:1900
CDDE  70 0F     BVS $CDEF                       A:04 X:69 Y:01 P:25 SP:69 PPU: 16,250 CYC:1902
CDE0  E0 69     CPX #$69                        A:04 X:69 Y:01 P:25 SP:69 PPU: 16,256 CYC:1904
CDE2  D0 0B     BNE $CDEF                       A:04 X:69 Y:01 P:27 SP:69 PPU: 16,262 CYC:1906
CDE4  C9 04     CMP #$04                        A:04 X:69 Y:01 P:27 SP:69 PPU: 16,268 CYC:1908
CDE6  D0 07     BNE $CDEF                       A:04 X:69 Y:01 P:27 SP:69 PPU: 16,274 CYC:1910
CDE8  C0 01     CPY #$01                        A:04 X:69 Y:01 P:27 SP:69 PPU: 16,280 CYC:1912
CDEA  D0 03     BNE $CDEF                       A:04 X:69 Y:01 P:27 SP:69 PPU: 16,286 CYC:1914
CDEC  4C F3 CD  JMP $CDF3                       A:04 X:69 Y:01 P:27 SP:69 PPU: 16,292 CYC:1916
CDF3  AE FF 07  LDX $07FF = FB                  A:04 X:69 Y:01 P:27 SP:69 PPU: 16,301 CYC:1919
CDF6  9A        TXS                             A:04 X:FB Y:01 P:A5 SP:69 PPU: 16,313 CYC:1923
CDF7  60        RTS                             A:04 X:FB Y:01 P:A5 SP:FB PPU: 16,319 CYC:1925
C609  20 F8 CD  JSR $CDF8                       A:04 X:FB Y:01 P:A5 SP:FD PPU: 16,337 CYC:1931
CDF8  A9 FF     LDA #$FF                        A:04 X:FB Y:01 P:A5 SP:FB PPU: 17, 14 CYC:1937
CDFA  85 01     STA $01 = FF                    A:FF X:FB Y:01 P:A5 SP:FB PPU: 17, 20 CYC:1939
CDFC  BA        TSX                             A:FF X:FB Y:01 P:A5 SP:FB PPU: 17, 29 CYC:1942
CDFD  8E FF 07  STX $07FF = FB                  A:FF X:FB Y:01 P:A5 SP:FB PPU: 17, 35 CYC:1944
CE00  EA        NOP                             A:FF X:FB Y:01 P:A5 SP:FB PPU: 17, 47 CYC:1948
CE01  A2 80     LDX #$80                        A:FF X:FB Y:01 P:A5 SP:FB PPU: 17, 53 CYC:1950
CE03  9A        TXS                             A:FF X:80 Y:01 P:A5 SP:FB PPU: 17, 59 CYC:1952
CE04  A9 33     LDA #$33                        A:FF X:80 Y:01 P:A5 SP:80 PPU: 17, 65 CYC:1954
CE06  48        PHA                             A:33 X:80 Y:01 P:25 SP:80 PPU: 17, 71 CYC:1956
CE07  A9 69     LDA #$69                        A:33 X:80 Y:01 P:25 SP:7F PPU: 17, 80 CYC:1959
CE09  48        PHA                             A:69 X:80 Y:01 P:25 SP:7F PPU: 17, 86 CYC:1961
CE0A  BA        TSX                             A:69 X:80 Y:01 P:25 SP:7E PPU: 17, 95 CYC:1964
CE0B  E0 7E     CPX #$7E                        A:69 X:7E Y:01 P:25 SP:7E PPU: 17,101 CYC:1966
CE0D  D0 20     BNE $CE2F                       A:69 X:7E Y:01 P:27 SP:7E PPU: 17,107 CYC:1968
CE0F  68        PLA                             A:69 X:7E Y:01 P:27 SP:7E PPU: 17,113 CYC:1970
CE10  C9 69     CMP #$69                        A:69 X:7E Y:01 P:25 SP:7F PPU: 17,125 CYC:1974
CE12  D0 1B     BNE $CE2F                       A:69 X:7E Y:01 P:27 SP:7F PPU: 17,131 CYC:1976
CE14  68        PLA                             A:69 X:7E Y:01 P:27 SP:7F PPU: 17,137 CYC:1978
CE15  C9 33     CMP #$33                        A:33 X:7E Y:01 P:25 SP:80 PPU: 17,149 CYC:1982
CE17  D0 16     BNE $CE2F                       A:33 X:7E Y:01 P:27 SP:80 PPU: 17,155 CYC:1984
CE19  BA        TSX                             A:33 X:7E Y:01 P:27 SP:80 PPU: 17,161 CYC:1986
CE1A  E0 80     CPX #$80                        A:33 X:80 Y:01 P:A5 SP:80 PPU: 17,167 CYC:1988
CE1C  D0 11     BNE $CE2F                       A:33 X:80 Y:01 P:27 SP:80 PPU: 17,173 CYC:1990
CE1E  AD 80 01  LDA $0180 = 33                  A:33 X:80 Y:01 P:27 SP:80 PPU: 17,179 CYC:1992
CE21  C9 33     CMP #$33                        A:33 X:80 Y:01 P:25 SP:80 PPU: 17,191 CYC:1996
CE23  D0 0A     BNE $CE2F                       A:33 X:80 Y:01 P:27 SP:80 PPU: 17,197 CYC:1998
CE25  AD 7F 01  LDA $017F = 69                  A:33 X:80 Y:01 P:27 SP:80 PPU: 17,203 CYC:2000
CE28  C9 69     CMP #$69                        A:69 X:80 Y:01 P:25 SP:80 PPU: 17,215 CYC:2004
CE2A  D0 03     BNE $CE2F                       A:69 X:80 Y:01 P:27 SP:80 PPU: 17,221 CYC:2006
CE2C  4C 33 CE  JMP $CE33                       A:69 X:80 Y:01 P:27 SP:80 PPU: 17,227 CYC:2008
CE33  EA        NOP                             A:69 X:80 Y:01 P:27 SP:80 PPU: 17,236 CYC:2011
CE34  A2 80     LDX #$80                        A:69 X:80 Y:01 P:27 SP:80 PPU: 17,242 CYC:2013
CE36  9A        TXS                             A:69 X:80 Y:01 P:A5 SP:80 PPU: 17,248 CYC:2015
CE37  20 3D CE  JSR $CE3D                       A:69 X:80 Y:01 P:A5 SP:80 PPU: 17,254 CYC:2017
CE3D  BA        TSX                             A:69 X:80 Y:01 P:A5 SP:7E PPU: 17,272 CYC:2023
CE3E  E0 7E     CPX #$7E                        A:69 X:7E Y:01 P:25 SP:7E PPU: 17,278 CYC:2025
CE40  D0 19     BNE $CE5B                       A:69 X:7E Y:01 P:27 SP:7E PPU: 17,284 CYC:2027
CE42  68        PLA                             A:69 X:7E Y:01 P:27 SP:7E PPU: 17,290 CYC:2029
CE43  68        PLA                             A:39 X:7E Y:01 P:25 SP:7F PPU: 17,302 CYC:2033
CE44  BA        TSX                             A:CE X:7E Y:01 P:A5 SP:80 PPU: 17,314 CYC:2037
CE45  E0 80     CPX #$80                        A:CE X:80 Y:01 P:A5 SP:80 PPU: 17,320 CYC:2039
CE47  D0 12     BNE $CE5B                       A:CE X:80 Y:01 P:27 SP:80 PPU: 17,326 CYC:2041
CE49  A9 00     LDA #$00                        A:CE X:80 Y:01 P:27 SP:80 PPU: 17,332 CYC:2043
CE4B  20 4E CE  JSR $CE4E                       A:00 X:80 Y:01 P:27 SP:80 PPU: 17,338 CYC:2045
CE4E  68        PLA                             A:00 X:80 Y:01 P:27 SP:7E PPU: 18, 15 CYC:2051
CE4F  C9 4D     CMP #$4D                        A:4D X:80 Y:01 P:25 SP:7F PPU: 18, 27 CYC:2055
CE51  D0 08     BNE $CE5B                       A:4D X:80 Y:01 P:27 SP:7F PPU: 18, 33 CYC:2057
CE53  68        PLA                             A:4D X:80 Y:01 P:27 SP:7F PPU: 18, 39 CYC:2059
CE54  C9 CE     CMP #$CE                        A:CE X:80 Y:01 P:A5 SP:80 PPU: 18, 51 CYC:2063
CE56  D0 03     BNE $CE5B                       A:CE X:80 Y:01 P:27 SP:80 PPU: 18, 57 CYC:2065
CE58  4C 5F CE  JMP $CE5F                       A:CE X:80 Y:01 P:27 SP:80 PPU: 18, 63 CYC:2067
CE5F  EA        NOP                             A:CE X:80 Y:01 P:27 SP:80 PPU: 18, 72 CYC:2070
CE60  A9 CE     LDA #$CE                        A:CE X:80 Y:01 P:27 SP:80 PPU: 18, 78 CYC:2072
CE62  48        PHA                             A:CE X:80 Y:01 P:A5 SP:80 PPU: 18, 84 CYC:2074
CE63  A9 66     LDA #$66                        A:CE X:80 Y:01 P:A5 SP:7F PPU: 18, 93 CYC:2077
CE65  48        PHA                             A:66 X:80 Y:01 P:25 SP:7F PPU: 18, 99 CYC:2079
CE66  60        RTS                             A:66 X:80 Y:01 P:25 SP:7E PPU: 18,108 CYC:2082
CE67  A2 77     LDX #$77                        A:66 X:80 Y:01 P:25 SP:80 PPU: 18,126 CYC:2088
CE69  A0 69     LDY #$69                        A:66 X:77 Y:01 P:25 SP:80 PPU: 18,132 CYC:2090
CE6B  18        CLC                             A:66 X:77 Y:69 P:25 SP:80 PPU: 18,138 CYC:2092
CE6C  24 01     BIT $01 = FF                    A:66 X:77 Y:69 P:24 SP:80 PPU: 18,144 CYC:2094
CE6E  A9 83     LDA #$83                        A:66 X:77 Y:69 P:E4 SP:80 PPU: 18,153 CYC:2097
CE70  20 66 CE  JSR $CE66                       A:83 X:77 Y:69 P:E4 SP:80 PPU: 18,159 CYC:2099
CE66  60        RTS                             A:83 X:77 Y:69 P:E4 SP:7E PPU: 18,177 CYC:2105
CE73  F0 24     BEQ $CE99                       A:83 X:77 Y:69 P:E4 SP:80 PPU: 18,195 CYC:2111
CE75  10 22     BPL $CE99                       A:83 X:77 Y:69 P:E4 SP:80 PPU: 18,201 CYC:2113
CE77  B0 20     BCS $CE99                       A:83 X:77 Y:69 P:E4 SP:80 PPU: 18,207 CYC:2115
CE79  50 1E     BVC $CE99                       A:83 X:77 Y:69 P:E4 SP:80 PPU: 18,213 CYC:2117
CE7B  C9 83     CMP #$83                        A:83 X:77 Y:69 P:E4 SP:80 PPU: 18,219 CYC:2119
CE7D  D0 1A     BNE $CE99                       A:83 X:77 Y:69 P:67 SP:80 PPU: 18,225 CYC:2121
CE7F  C0 69     CPY #$69                        A:83 X:77 Y:69 P:67 SP:80 PPU: 18,231 CYC:2123
CE81  D0 16     BNE $CE99                       A:83 X:77 Y:69 P:67 SP:80 PPU: 18,237 CYC:2125
CE83  E0 77     CPX #$77                        A:83 X:77 Y:69 P:67 SP:80 PPU: 18,243 CYC:2127
CE85  D0 12     BNE $CE99                       A:83 X:77 Y:69 P:67 SP:80 PPU: 18,249 CYC:2129
CE87  38        SEC                             A:83 X:77 Y:69 P:67 SP:80 PPU: 18,255 CYC:2131
CE88  B8        CLV                             A:83 X:77 Y:69 P:67 SP:80 PPU: 18,261 CYC:2133
CE89  A9 00     LDA #$00                        A:83 X:77 Y:69 P:27 SP:80 PPU: 18,267 CYC:2135
CE8B  20 66 CE  JSR $CE66                       A:00 X:77 Y:69 P:27 SP:80 PPU: 18,273 CYC:2137
CE66  60        RTS                             A:00 X:77 Y:69 P:27 SP:7E PPU: 18,291 CYC:2143
CE8E  D0 09     BNE $CE99                       A:00 X:77 Y:69 P:27 SP:80 PPU: 18,309 CYC:2149
CE90  30 07     BMI $CE99                       A:00 X:77 Y:69 P:27 SP:80 PPU: 18,315 CYC:2151
CE92  90 05     BCC $CE99                       A:00 X:77 Y:69 P:27 SP:80 PPU: 18,321 CYC:2153
CE94  70 03     BVS $CE99                       A:00 X:77 Y:69 P:27 SP:80 PPU: 18,327 CYC:2155
CE96  4C 9D CE  JMP $CE9D                       A:00 X:77 Y:69 P:27 SP:80 PPU: 18,333 CYC:2157
CE9D  EA        NOP                             A:00 X:77 Y:69 P:27 SP:80 PPU: 19,  1 CYC:2160
CE9E  A9 CE     LDA #$CE                        A:00 X:77 Y:69 P:27 SP:80 PPU: 19,  7 CYC:2162
CEA0  48        PHA                             A:CE X:77 Y:69 P:A5 SP:80 PPU: 19, 13 CYC:2164
CEA1  A9 AE     LDA #$AE                        A:CE X:77 Y:69 P:A5 SP:7F PPU: 19, 22 CYC:2167
CEA3  48        PHA                             A:AE X:77 Y:69 P:A5 SP:7F PPU: 19, 28 CYC:2169
CEA4  A9 65     LDA #$65                        A:AE X:77 Y:69 P:A5 SP:7E PPU: 19, 37 CYC:2172
CEA6  48        PHA                             A:65 X:77 Y:69 P:25 SP:7E PPU: 19, 43 CYC:2174
CEA7  A9 55     LDA #$55                        A:65 X:77 Y:69 P:25 SP:7D PPU: 19, 52 CYC:2177
CEA9  A0 88     LDY #$88                        A:55 X:77 Y:69 P:25 SP:7D PPU: 19, 58 CYC:2179
CEAB  A2 99     LDX #$99                        A:55 X:77 Y:88 P:A5 SP:7D PPU: 19, 64 CYC:2181
CEAD  40        RTI                             A:55 X:99 Y:88 P:A5 SP:7D PPU: 19, 70 CYC:2183
CEAE  30 35     BMI $CEE5                       A:55 X:99 Y:88 P:65 SP:80 PPU: 19, 88 CYC:2189
CEB0  50 33     BVC $CEE5                       A:55 X:99 Y:88 P:65 SP:80 PPU: 19, 94 CYC:2191
CEB2  F0 31     BEQ $CEE5                       A:55 X:99 Y:88 P:65 SP:80 PPU: 19,100 CYC:2193
CEB4  90 2F     BCC $CEE5                       A:55 X:99 Y:88 P:65 SP:80 PPU: 19,106 CYC:2195
CEB6  C9 55     CMP #$55                        A:55 X:99 Y:88 P:65 SP:80 PPU: 19,112 CYC:2197
CEB8  D0 2B     BNE $CEE5                       A:55 X:99 Y:88 P:67 SP:80 PPU: 19,118 CYC:2199
CEBA  C0 88     CPY #$88                        A:55 X:99 Y:88 P:67 SP:80 PPU: 19,124 CYC:2201
CEBC  D0 27     BNE $CEE5                       A:55 X:99 Y:88 P:67 SP:80 PPU: 19,130 CYC:2203
CEBE  E0 99     CPX #$99                        A:55 X:99 Y:88 P:67 SP:80 PPU: 19,136 CYC:2205
CEC0  D0 23     BNE $CEE5                       A:55 X:99 Y:88 P:67 SP:80 PPU: 19,142 CYC:2207
CEC2  A9 CE     LDA #$CE                        A:55 X:99 Y:88 P:67 SP:80 PPU: 19,148 CYC:2209
CEC4  48        PHA                             A:CE X:99 Y:88 P:E5 SP:80 PPU: 19,154 CYC:2211
CEC5  A9 CE     LDA #$CE                        A:CE X:99 Y:88 P:E5 SP:7F PPU: 19,163 CYC:2214
CEC7  48        PHA                             A:CE X:99 Y:88 P:E5 SP:7F PPU: 19,169 CYC:2216
CEC8  A9 87     LDA #$87                        A:CE X:99 Y:88 P:E5 SP:7E PPU: 19,178 CYC:2219
CECA  48        PHA                             A:87 X:99 Y:88 P:E5 SP:7E PPU: 19,184 CYC:2221
CECB  A9 55     LDA #$55                        A:87 X:99 Y:88 P:E5 SP:7D PPU: 19,193 CYC:2224
CECD  40        RTI                             A:55 X:99 Y:88 P:65 SP:7D PPU: 19,199 CYC:2226
CECE  10 15     BPL $CEE5                       A:55 X:99 Y:88 P:A7 SP:80 PPU: 19,217 CYC:2232
CED0  70 13     BVS $CEE5                       A:55 X:99 Y:88 P:A7 SP:80 PPU: 19,223 CYC:2234
CED2  D0 11     BNE $CEE5                       A:55 X:99 Y:88 P:A7 SP:80 PPU: 19,229 CYC:2236
CED4  90 0F     BCC $CEE5                       A:55 X:99 Y:88 P:A7 SP:80 PPU: 19,235 CYC:2238
CED6  C9 55     CMP #$55                        A:55 X:99 Y:88 P:A7 SP:80 PPU: 19,241 CYC:2240
CED8  D0 0B     BNE $CEE5                       A:55 X:99 Y:88 P:27 SP:80 PPU: 19,247 CYC:2242
CEDA  C0 88     CPY #$88                        A:55 X:99 Y:88 P:27 SP:80 PPU: 19,253 CYC:2244
CEDC  D0 07     BNE $CEE5                       A:55 X:99 Y:88 P:27 SP:80 PPU: 19,259 CYC:2246
CEDE  E0 99     CPX #$99                        A:55 X:99 Y:88 P:27 SP:80 PPU: 19,265 CYC:2248
CEE0  D0 03     BNE $CEE5                       A:55 X:99 Y:88 P:27 SP:80 PPU: 19,271 CYC:2250
CEE2  4C E9 CE  JMP $CEE9                       A:55 X:99 Y:88 P:27 SP:80 PPU: 19,277 CYC:2252
CEE9  AE FF 07  LDX $07FF = FB                  A:55 X:99 Y:88 P:27 SP:80 PPU: 19,286 CYC:2255
CEEC  9A        TXS                             A:55 X:FB Y:88 P:A5 SP:80 PPU: 19,298 CYC:2259
CEED  60        RTS                             A:55 X:FB Y:88 P:A5 SP:FB PPU: 19,304 CYC:2261
C60C  20 EE CE  JSR $CEEE                       A:55 X:FB Y:88 P:A5 SP:FD PPU: 19,322 CYC:2267
CEEE  A2 55     LDX #$55                        A:55 X:FB Y:88 P:A5 SP:FB PPU: 19,340 CYC:2273
CEF0  A0 69     LDY #$69                        A:55 X:55 Y:88 P:25 SP:FB PPU: 20,  5 CYC:2275
CEF2  A9 FF     LDA #$FF                        A:55 X:55 Y:69 P:25 SP:FB PPU: 20, 11 CYC:2277
CEF4  85 01     STA $01 = FF                    A:FF X:55 Y:69 P:A5 SP:FB PPU: 20, 17 CYC:2279
CEF6  EA        NOP                             A:FF X:55 Y:69 P:A5 SP:FB PPU: 20, 26 CYC:2282
CEF7  24 01     BIT $01 = FF                    A:FF X:55 Y:69 P:A5 SP:FB PPU: 20, 32 CYC:2284
CEF9  38        SEC                             A:FF X:55 Y:69 P:E5 SP:FB PPU: 20, 41 CYC:2287
CEFA  A9 01     LDA #$01                        A:FF X:55 Y:69 P:E5 SP:FB PPU: 20, 47 CYC:2289
CEFC  4A        LSR A                           A:01 X:55 Y:69 P:65 SP:FB PPU: 20, 53 CYC:2291
CEFD  90 1D     BCC $CF1C                       A:00 X:55 Y:69 P:67 SP:FB PPU: 20, 59 CYC:2293
CEFF  D0 1B     BNE $CF1C                       A:00 X:55 Y:69 P:67 SP:FB PPU: 20, 65 CYC:2295
CF01  30 19     BMI $CF1C                       A:00 X:55 Y:69 P:67 SP:FB PPU: 20, 71 CYC:2297
CF03  50 17     BVC $CF1C                       A:00 X:55 Y:69 P:67 SP:FB PPU: 20, 77 CYC:2299
CF05  C9 00     CMP #$00                        A:00 X:55 Y:69 P:67 SP:FB PPU: 20, 83 CYC:2301
CF07  D0 13     BNE $CF1C                       A:00 X:55 Y:69 P:67 SP:FB PPU: 20, 89 CYC:2303
CF09  B8        CLV                             A:00 X:55 Y:69 P:67 SP:FB PPU: 20, 95 CYC:2305
CF0A  A9 AA     LDA #$AA                        A:00 X:55 Y:69 P:27 SP:FB PPU: 20,101 CYC:2307
CF0C  4A        LSR A                           A:AA X:55 Y:69 P:A5 SP:FB PPU: 20,107 CYC:2309
CF0D  B0 0D     BCS $CF1C                       A:55 X:55 Y:69 P:24 SP:FB PPU: 20,113 CYC:2311
CF0F  F0 0B     BEQ $CF1C                       A:55 X:55 Y:69 P:24 SP:FB PPU: 20,119 CYC:2313
CF11  30 09     BMI $CF1C                       A:55 X:55 Y:69 P:24 SP:FB PPU: 20,125 CYC:2315
CF13  70 07     BVS $CF1C                       A:55 X:55 Y:69 P:24 SP:FB PPU: 20,131 CYC:2317
CF15  C9 55     CMP #$55                        A:55 X:55 Y:69 P:24 SP:FB PPU: 20,137 CYC:2319
CF17  D0 03     BNE $CF1C                       A:55 X:55 Y:69 P:27 SP:FB PPU: 20,143 CYC:2321
CF19  4C 20 CF  JMP $CF20                       A:55 X:55 Y:69 P:27 SP:FB PPU: 20,149 CYC:2323
CF20  EA        NOP                             A:55 X:55 Y:69 P:27 SP:FB PPU: 20,158 CYC:2326
CF21  24 01     BIT $01 = FF                    A:55 X:55 Y:69 P:27 SP:FB PPU: 20,164 CYC:2328
CF23  38        SEC                             A:55 X:55 Y:69 P:E5 SP:FB PPU: 20,173 CYC:2331
CF24  A9 80     LDA #$80                        A:55 X:55 Y:69 P:E5 SP:FB PPU: 20,179 CYC:2333
CF26  0A        ASL A                           A:80 X:55 Y:69 P:E5 SP:FB PPU: 20,185 CYC:2335
CF27  90 1E     BCC $CF47                       A:00 X:55 Y:69 P:67 SP:FB PPU: 20,191 CYC:2337
CF29  D0 1C     BNE $CF47                       A:00 X:55 Y:69 P:67 SP:FB PPU: 20,197 CYC:2339
CF2B  30 1A     BMI $CF47                       A:00 X:55 Y:69 P:67 SP:FB PPU: 20,203 CYC:2341
